The system is: Linux - 3.10.0-957.12.1.el7.x86_64 - x86_64
Compiling the C compiler identification source file "CMakeCCompilerId.c" succeeded.
Compiler: /n/holylfs02/LABS/guenette_lab/software/next/ups_products/gcc/v7_3_0/Linux64bit+3.10-2.17/bin/cc 
Build flags: 
Id flags:  

The output was:
0


Compilation of the C compiler identification source "CMakeCCompilerId.c" produced "a.out"

The C compiler identification is GNU, found in "/n/holylfs02/LABS/guenette_lab/users/amcdonald/Q_PIX/RTD_QPIX/Build/CMakeFiles/3.14.3/CompilerIdC/a.out"

Compiling the CXX compiler identification source file "CMakeCXXCompilerId.cpp" succeeded.
Compiler: /n/holylfs02/LABS/guenette_lab/software/next/ups_products/gcc/v7_3_0/Linux64bit+3.10-2.17/bin/c++ 
Build flags: 
Id flags:  

The output was:
0


Compilation of the CXX compiler identification source "CMakeCXXCompilerId.cpp" produced "a.out"

The CXX compiler identification is GNU, found in "/n/holylfs02/LABS/guenette_lab/users/amcdonald/Q_PIX/RTD_QPIX/Build/CMakeFiles/3.14.3/CompilerIdCXX/a.out"

Determining if the C compiler works passed with the following output:
Change Dir: /n/holylfs02/LABS/guenette_lab/users/amcdonald/Q_PIX/RTD_QPIX/Build/CMakeFiles/CMakeTmp

Run Build Command(s):/usr/bin/gmake cmTC_525ea/fast 
/usr/bin/gmake -f CMakeFiles/cmTC_525ea.dir/build.make CMakeFiles/cmTC_525ea.dir/build
gmake[1]: Entering directory `/n/holylfs02/LABS/guenette_lab/users/amcdonald/Q_PIX/RTD_QPIX/Build/CMakeFiles/CMakeTmp'
Building C object CMakeFiles/cmTC_525ea.dir/testCCompiler.c.o
/n/holylfs02/LABS/guenette_lab/software/next/ups_products/gcc/v7_3_0/Linux64bit+3.10-2.17/bin/cc    -o CMakeFiles/cmTC_525ea.dir/testCCompiler.c.o   -c /n/holylfs02/LABS/guenette_lab/users/amcdonald/Q_PIX/RTD_QPIX/Build/CMakeFiles/CMakeTmp/testCCompiler.c
Linking C executable cmTC_525ea
/n/holylfs02/LABS/guenette_lab/software/next/ups_products/cmake/v3_14_3/Linux64bit+3.10-2.17/bin/cmake -E cmake_link_script CMakeFiles/cmTC_525ea.dir/link.txt --verbose=1
/n/holylfs02/LABS/guenette_lab/software/next/ups_products/gcc/v7_3_0/Linux64bit+3.10-2.17/bin/cc      CMakeFiles/cmTC_525ea.dir/testCCompiler.c.o  -o cmTC_525ea 
gmake[1]: Leaving directory `/n/holylfs02/LABS/guenette_lab/users/amcdonald/Q_PIX/RTD_QPIX/Build/CMakeFiles/CMakeTmp'


Detecting C compiler ABI info compiled with the following output:
Change Dir: /n/holylfs02/LABS/guenette_lab/users/amcdonald/Q_PIX/RTD_QPIX/Build/CMakeFiles/CMakeTmp

Run Build Command(s):/usr/bin/gmake cmTC_98277/fast 
/usr/bin/gmake -f CMakeFiles/cmTC_98277.dir/build.make CMakeFiles/cmTC_98277.dir/build
gmake[1]: Entering directory `/n/holylfs02/LABS/guenette_lab/users/amcdonald/Q_PIX/RTD_QPIX/Build/CMakeFiles/CMakeTmp'
Building C object CMakeFiles/cmTC_98277.dir/CMakeCCompilerABI.c.o
/n/holylfs02/LABS/guenette_lab/software/next/ups_products/gcc/v7_3_0/Linux64bit+3.10-2.17/bin/cc   -v -o CMakeFiles/cmTC_98277.dir/CMakeCCompilerABI.c.o   -c /n/holylfs02/LABS/guenette_lab/software/next/ups_products/cmake/v3_14_3/Linux64bit+3.10-2.17/share/cmake-3.14/Modules/CMakeCCompilerABI.c
Using built-in specs.
COLLECT_GCC=/n/holylfs02/LABS/guenette_lab/software/next/ups_products/gcc/v7_3_0/Linux64bit+3.10-2.17/bin/cc
Target: x86_64-pc-linux-gnu
Configured with: ./configure --prefix=/scratch/workspace/art-build-base/v10_00_02/SLF7/build/gcc/v7_3_0/Linux64bit+3.10-2.17 --disable-libgcj --enable-threads=posix --enable-__cxa_atexit --enable-languages=c,c++,fortran,lto --with-system-zlib --enable-libstdcxx-time=rt --enable-stage1-checking=yes --enable-checking=release --enable-lto --enable-plugin
Thread model: posix
gcc version 7.3.0 (GCC) 
COLLECT_GCC_OPTIONS='-v' '-o' 'CMakeFiles/cmTC_98277.dir/CMakeCCompilerABI.c.o' '-c' '-mtune=generic' '-march=x86-64'
 /n/holylfs02/LABS/guenette_lab/software/next/ups_products/gcc/v7_3_0/Linux64bit+3.10-2.17/bin/../libexec/gcc/x86_64-pc-linux-gnu/7.3.0/cc1 -quiet -v -iprefix /n/holylfs02/LABS/guenette_lab/software/next/ups_products/gcc/v7_3_0/Linux64bit+3.10-2.17/bin/../lib/gcc/x86_64-pc-linux-gnu/7.3.0/ /n/holylfs02/LABS/guenette_lab/software/next/ups_products/cmake/v3_14_3/Linux64bit+3.10-2.17/share/cmake-3.14/Modules/CMakeCCompilerABI.c -quiet -dumpbase CMakeCCompilerABI.c -mtune=generic -march=x86-64 -auxbase-strip CMakeFiles/cmTC_98277.dir/CMakeCCompilerABI.c.o -version -o /tmp/cca1o3LE.s
GNU C11 (GCC) version 7.3.0 (x86_64-pc-linux-gnu)
	compiled by GNU C version 7.3.0, GMP version 6.1.2, MPFR version 4.0.0, MPC version 1.1.0, isl version isl-0.18-GMP

GGC heuristics: --param ggc-min-expand=100 --param ggc-min-heapsize=131072
ignoring nonexistent directory "/n/holylfs02/LABS/guenette_lab/software/next/ups_products/gcc/v7_3_0/Linux64bit+3.10-2.17/bin/../lib/gcc/x86_64-pc-linux-gnu/7.3.0/../../../../x86_64-pc-linux-gnu/include"
ignoring duplicate directory "/n/holylfs02/LABS/guenette_lab/software/next/ups_products/gcc/v7_3_0/Linux64bit+3.10-2.17/bin/../lib/gcc/../../lib/gcc/x86_64-pc-linux-gnu/7.3.0/include"
ignoring duplicate directory "/n/holylfs02/LABS/guenette_lab/software/next/ups_products/gcc/v7_3_0/Linux64bit+3.10-2.17/bin/../lib/gcc/../../lib/gcc/x86_64-pc-linux-gnu/7.3.0/include-fixed"
ignoring nonexistent directory "/n/holylfs02/LABS/guenette_lab/software/next/ups_products/gcc/v7_3_0/Linux64bit+3.10-2.17/bin/../lib/gcc/../../lib/gcc/x86_64-pc-linux-gnu/7.3.0/../../../../x86_64-pc-linux-gnu/include"
#include "..." search starts here:
#include <...> search starts here:
 /n/holylfs02/LABS/guenette_lab/software/next/ups_products/gcc/v7_3_0/Linux64bit+3.10-2.17/bin/../lib/gcc/x86_64-pc-linux-gnu/7.3.0/include
 /n/holylfs02/LABS/guenette_lab/software/next/ups_products/gcc/v7_3_0/Linux64bit+3.10-2.17/bin/../lib/gcc/x86_64-pc-linux-gnu/7.3.0/include-fixed
 /usr/local/include
 /n/holylfs02/LABS/guenette_lab/software/next/ups_products/gcc/v7_3_0/Linux64bit+3.10-2.17/bin/../lib/gcc/../../include
 /usr/include
End of search list.
GNU C11 (GCC) version 7.3.0 (x86_64-pc-linux-gnu)
	compiled by GNU C version 7.3.0, GMP version 6.1.2, MPFR version 4.0.0, MPC version 1.1.0, isl version isl-0.18-GMP

GGC heuristics: --param ggc-min-expand=100 --param ggc-min-heapsize=131072
Compiler executable checksum: df54f2906e105335ff005dc81950d28e
COLLECT_GCC_OPTIONS='-v' '-o' 'CMakeFiles/cmTC_98277.dir/CMakeCCompilerABI.c.o' '-c' '-mtune=generic' '-march=x86-64'
 as -v --64 -o CMakeFiles/cmTC_98277.dir/CMakeCCompilerABI.c.o /tmp/cca1o3LE.s
GNU assembler version 2.27 (x86_64-redhat-linux) using BFD version version 2.27-34.base.el7
COMPILER_PATH=/n/holylfs02/LABS/guenette_lab/software/next/ups_products/gcc/v7_3_0/Linux64bit+3.10-2.17/bin/../libexec/gcc/x86_64-pc-linux-gnu/7.3.0/:/n/holylfs02/LABS/guenette_lab/software/next/ups_products/gcc/v7_3_0/Linux64bit+3.10-2.17/bin/../libexec/gcc/:/n/holylfs02/LABS/guenette_lab/software/next/ups_products/gcc/v7_3_0/Linux64bit+3.10-2.17/bin/
LIBRARY_PATH=/n/holylfs02/LABS/guenette_lab/software/next/ups_products/gcc/v7_3_0/Linux64bit+3.10-2.17/bin/../lib/gcc/x86_64-pc-linux-gnu/7.3.0/:/n/holylfs02/LABS/guenette_lab/software/next/ups_products/gcc/v7_3_0/Linux64bit+3.10-2.17/bin/../lib/gcc/:/n/holylfs02/LABS/guenette_lab/software/next/ups_products/gcc/v7_3_0/Linux64bit+3.10-2.17/bin/../lib/gcc/x86_64-pc-linux-gnu/7.3.0/../../../../lib64/:/lib/../lib64/:/usr/lib/../lib64/:/n/holylfs02/LABS/guenette_lab/software/next/ups_products/gcc/v7_3_0/Linux64bit+3.10-2.17/bin/../lib/gcc/x86_64-pc-linux-gnu/7.3.0/../../../:/lib/:/usr/lib/
COLLECT_GCC_OPTIONS='-v' '-o' 'CMakeFiles/cmTC_98277.dir/CMakeCCompilerABI.c.o' '-c' '-mtune=generic' '-march=x86-64'
Linking C executable cmTC_98277
/n/holylfs02/LABS/guenette_lab/software/next/ups_products/cmake/v3_14_3/Linux64bit+3.10-2.17/bin/cmake -E cmake_link_script CMakeFiles/cmTC_98277.dir/link.txt --verbose=1
/n/holylfs02/LABS/guenette_lab/software/next/ups_products/gcc/v7_3_0/Linux64bit+3.10-2.17/bin/cc     -v CMakeFiles/cmTC_98277.dir/CMakeCCompilerABI.c.o  -o cmTC_98277 
Using built-in specs.
COLLECT_GCC=/n/holylfs02/LABS/guenette_lab/software/next/ups_products/gcc/v7_3_0/Linux64bit+3.10-2.17/bin/cc
COLLECT_LTO_WRAPPER=/n/holylfs02/LABS/guenette_lab/software/next/ups_products/gcc/v7_3_0/Linux64bit+3.10-2.17/bin/../libexec/gcc/x86_64-pc-linux-gnu/7.3.0/lto-wrapper
Target: x86_64-pc-linux-gnu
Configured with: ./configure --prefix=/scratch/workspace/art-build-base/v10_00_02/SLF7/build/gcc/v7_3_0/Linux64bit+3.10-2.17 --disable-libgcj --enable-threads=posix --enable-__cxa_atexit --enable-languages=c,c++,fortran,lto --with-system-zlib --enable-libstdcxx-time=rt --enable-stage1-checking=yes --enable-checking=release --enable-lto --enable-plugin
Thread model: posix
gcc version 7.3.0 (GCC) 
COMPILER_PATH=/n/holylfs02/LABS/guenette_lab/software/next/ups_products/gcc/v7_3_0/Linux64bit+3.10-2.17/bin/../libexec/gcc/x86_64-pc-linux-gnu/7.3.0/:/n/holylfs02/LABS/guenette_lab/software/next/ups_products/gcc/v7_3_0/Linux64bit+3.10-2.17/bin/../libexec/gcc/:/n/holylfs02/LABS/guenette_lab/software/next/ups_products/gcc/v7_3_0/Linux64bit+3.10-2.17/bin/
LIBRARY_PATH=/n/holylfs02/LABS/guenette_lab/software/next/ups_products/gcc/v7_3_0/Linux64bit+3.10-2.17/bin/../lib/gcc/x86_64-pc-linux-gnu/7.3.0/:/n/holylfs02/LABS/guenette_lab/software/next/ups_products/gcc/v7_3_0/Linux64bit+3.10-2.17/bin/../lib/gcc/:/n/holylfs02/LABS/guenette_lab/software/next/ups_products/gcc/v7_3_0/Linux64bit+3.10-2.17/bin/../lib/gcc/x86_64-pc-linux-gnu/7.3.0/../../../../lib64/:/lib/../lib64/:/usr/lib/../lib64/:/n/holylfs02/LABS/guenette_lab/software/next/ups_products/gcc/v7_3_0/Linux64bit+3.10-2.17/bin/../lib/gcc/x86_64-pc-linux-gnu/7.3.0/../../../:/lib/:/usr/lib/
COLLECT_GCC_OPTIONS='-v' '-o' 'cmTC_98277' '-mtune=generic' '-march=x86-64'
 /n/holylfs02/LABS/guenette_lab/software/next/ups_products/gcc/v7_3_0/Linux64bit+3.10-2.17/bin/../libexec/gcc/x86_64-pc-linux-gnu/7.3.0/collect2 -plugin /n/holylfs02/LABS/guenette_lab/software/next/ups_products/gcc/v7_3_0/Linux64bit+3.10-2.17/bin/../libexec/gcc/x86_64-pc-linux-gnu/7.3.0/liblto_plugin.so -plugin-opt=/n/holylfs02/LABS/guenette_lab/software/next/ups_products/gcc/v7_3_0/Linux64bit+3.10-2.17/bin/../libexec/gcc/x86_64-pc-linux-gnu/7.3.0/lto-wrapper -plugin-opt=-fresolution=/tmp/cc3aJOVC.res -plugin-opt=-pass-through=-lgcc -plugin-opt=-pass-through=-lgcc_s -plugin-opt=-pass-through=-lc -plugin-opt=-pass-through=-lgcc -plugin-opt=-pass-through=-lgcc_s --eh-frame-hdr -m elf_x86_64 -dynamic-linker /lib64/ld-linux-x86-64.so.2 -o cmTC_98277 /lib/../lib64/crt1.o /lib/../lib64/crti.o /n/holylfs02/LABS/guenette_lab/software/next/ups_products/gcc/v7_3_0/Linux64bit+3.10-2.17/bin/../lib/gcc/x86_64-pc-linux-gnu/7.3.0/crtbegin.o -L/n/holylfs02/LABS/guenette_lab/software/next/ups_products/gcc/v7_3_0/Linux64bit+3.10-2.17/bin/../lib/gcc/x86_64-pc-linux-gnu/7.3.0 -L/n/holylfs02/LABS/guenette_lab/software/next/ups_products/gcc/v7_3_0/Linux64bit+3.10-2.17/bin/../lib/gcc -L/n/holylfs02/LABS/guenette_lab/software/next/ups_products/gcc/v7_3_0/Linux64bit+3.10-2.17/bin/../lib/gcc/x86_64-pc-linux-gnu/7.3.0/../../../../lib64 -L/lib/../lib64 -L/usr/lib/../lib64 -L/n/holylfs02/LABS/guenette_lab/software/next/ups_products/gcc/v7_3_0/Linux64bit+3.10-2.17/bin/../lib/gcc/x86_64-pc-linux-gnu/7.3.0/../../.. CMakeFiles/cmTC_98277.dir/CMakeCCompilerABI.c.o -lgcc --as-needed -lgcc_s --no-as-needed -lc -lgcc --as-needed -lgcc_s --no-as-needed /n/holylfs02/LABS/guenette_lab/software/next/ups_products/gcc/v7_3_0/Linux64bit+3.10-2.17/bin/../lib/gcc/x86_64-pc-linux-gnu/7.3.0/crtend.o /lib/../lib64/crtn.o
COLLECT_GCC_OPTIONS='-v' '-o' 'cmTC_98277' '-mtune=generic' '-march=x86-64'
gmake[1]: Leaving directory `/n/holylfs02/LABS/guenette_lab/users/amcdonald/Q_PIX/RTD_QPIX/Build/CMakeFiles/CMakeTmp'


Parsed C implicit include dir info from above output: rv=done
  found start of include info
  found start of implicit include info
    add: [/n/holylfs02/LABS/guenette_lab/software/next/ups_products/gcc/v7_3_0/Linux64bit+3.10-2.17/bin/../lib/gcc/x86_64-pc-linux-gnu/7.3.0/include]
    add: [/n/holylfs02/LABS/guenette_lab/software/next/ups_products/gcc/v7_3_0/Linux64bit+3.10-2.17/bin/../lib/gcc/x86_64-pc-linux-gnu/7.3.0/include-fixed]
    add: [/usr/local/include]
    add: [/n/holylfs02/LABS/guenette_lab/software/next/ups_products/gcc/v7_3_0/Linux64bit+3.10-2.17/bin/../lib/gcc/../../include]
    add: [/usr/include]
  end of search list found
  collapse include dir [/n/holylfs02/LABS/guenette_lab/software/next/ups_products/gcc/v7_3_0/Linux64bit+3.10-2.17/bin/../lib/gcc/x86_64-pc-linux-gnu/7.3.0/include] ==> [/n/holylfs02/LABS/guenette_lab/software/next/ups_products/gcc/v7_3_0/Linux64bit+3.10-2.17/lib/gcc/x86_64-pc-linux-gnu/7.3.0/include]
  collapse include dir [/n/holylfs02/LABS/guenette_lab/software/next/ups_products/gcc/v7_3_0/Linux64bit+3.10-2.17/bin/../lib/gcc/x86_64-pc-linux-gnu/7.3.0/include-fixed] ==> [/n/holylfs02/LABS/guenette_lab/software/next/ups_products/gcc/v7_3_0/Linux64bit+3.10-2.17/lib/gcc/x86_64-pc-linux-gnu/7.3.0/include-fixed]
  collapse include dir [/usr/local/include] ==> [/usr/local/include]
  collapse include dir [/n/holylfs02/LABS/guenette_lab/software/next/ups_products/gcc/v7_3_0/Linux64bit+3.10-2.17/bin/../lib/gcc/../../include] ==> [/n/holylfs02/LABS/guenette_lab/software/next/ups_products/gcc/v7_3_0/Linux64bit+3.10-2.17/include]
  collapse include dir [/usr/include] ==> [/usr/include]
  implicit include dirs: [/n/holylfs02/LABS/guenette_lab/software/next/ups_products/gcc/v7_3_0/Linux64bit+3.10-2.17/lib/gcc/x86_64-pc-linux-gnu/7.3.0/include;/n/holylfs02/LABS/guenette_lab/software/next/ups_products/gcc/v7_3_0/Linux64bit+3.10-2.17/lib/gcc/x86_64-pc-linux-gnu/7.3.0/include-fixed;/usr/local/include;/n/holylfs02/LABS/guenette_lab/software/next/ups_products/gcc/v7_3_0/Linux64bit+3.10-2.17/include;/usr/include]


Parsed C implicit link information from above output:
  link line regex: [^( *|.*[/\])(ld|CMAKE_LINK_STARTFILE-NOTFOUND|([^/\]+-)?ld|collect2)[^/\]*( |$)]
  ignore line: [Change Dir: /n/holylfs02/LABS/guenette_lab/users/amcdonald/Q_PIX/RTD_QPIX/Build/CMakeFiles/CMakeTmp]
  ignore line: []
  ignore line: [Run Build Command(s):/usr/bin/gmake cmTC_98277/fast ]
  ignore line: [/usr/bin/gmake -f CMakeFiles/cmTC_98277.dir/build.make CMakeFiles/cmTC_98277.dir/build]
  ignore line: [gmake[1]: Entering directory `/n/holylfs02/LABS/guenette_lab/users/amcdonald/Q_PIX/RTD_QPIX/Build/CMakeFiles/CMakeTmp']
  ignore line: [Building C object CMakeFiles/cmTC_98277.dir/CMakeCCompilerABI.c.o]
  ignore line: [/n/holylfs02/LABS/guenette_lab/software/next/ups_products/gcc/v7_3_0/Linux64bit+3.10-2.17/bin/cc   -v -o CMakeFiles/cmTC_98277.dir/CMakeCCompilerABI.c.o   -c /n/holylfs02/LABS/guenette_lab/software/next/ups_products/cmake/v3_14_3/Linux64bit+3.10-2.17/share/cmake-3.14/Modules/CMakeCCompilerABI.c]
  ignore line: [Using built-in specs.]
  ignore line: [COLLECT_GCC=/n/holylfs02/LABS/guenette_lab/software/next/ups_products/gcc/v7_3_0/Linux64bit+3.10-2.17/bin/cc]
  ignore line: [Target: x86_64-pc-linux-gnu]
  ignore line: [Configured with: ./configure --prefix=/scratch/workspace/art-build-base/v10_00_02/SLF7/build/gcc/v7_3_0/Linux64bit+3.10-2.17 --disable-libgcj --enable-threads=posix --enable-__cxa_atexit --enable-languages=c,c++,fortran,lto --with-system-zlib --enable-libstdcxx-time=rt --enable-stage1-checking=yes --enable-checking=release --enable-lto --enable-plugin]
  ignore line: [Thread model: posix]
  ignore line: [gcc version 7.3.0 (GCC) ]
  ignore line: [COLLECT_GCC_OPTIONS='-v' '-o' 'CMakeFiles/cmTC_98277.dir/CMakeCCompilerABI.c.o' '-c' '-mtune=generic' '-march=x86-64']
  ignore line: [ /n/holylfs02/LABS/guenette_lab/software/next/ups_products/gcc/v7_3_0/Linux64bit+3.10-2.17/bin/../libexec/gcc/x86_64-pc-linux-gnu/7.3.0/cc1 -quiet -v -iprefix /n/holylfs02/LABS/guenette_lab/software/next/ups_products/gcc/v7_3_0/Linux64bit+3.10-2.17/bin/../lib/gcc/x86_64-pc-linux-gnu/7.3.0/ /n/holylfs02/LABS/guenette_lab/software/next/ups_products/cmake/v3_14_3/Linux64bit+3.10-2.17/share/cmake-3.14/Modules/CMakeCCompilerABI.c -quiet -dumpbase CMakeCCompilerABI.c -mtune=generic -march=x86-64 -auxbase-strip CMakeFiles/cmTC_98277.dir/CMakeCCompilerABI.c.o -version -o /tmp/cca1o3LE.s]
  ignore line: [GNU C11 (GCC) version 7.3.0 (x86_64-pc-linux-gnu)]
  ignore line: [	compiled by GNU C version 7.3.0, GMP version 6.1.2, MPFR version 4.0.0, MPC version 1.1.0, isl version isl-0.18-GMP]
  ignore line: []
  ignore line: [GGC heuristics: --param ggc-min-expand=100 --param ggc-min-heapsize=131072]
  ignore line: [ignoring nonexistent directory "/n/holylfs02/LABS/guenette_lab/software/next/ups_products/gcc/v7_3_0/Linux64bit+3.10-2.17/bin/../lib/gcc/x86_64-pc-linux-gnu/7.3.0/../../../../x86_64-pc-linux-gnu/include"]
  ignore line: [ignoring duplicate directory "/n/holylfs02/LABS/guenette_lab/software/next/ups_products/gcc/v7_3_0/Linux64bit+3.10-2.17/bin/../lib/gcc/../../lib/gcc/x86_64-pc-linux-gnu/7.3.0/include"]
  ignore line: [ignoring duplicate directory "/n/holylfs02/LABS/guenette_lab/software/next/ups_products/gcc/v7_3_0/Linux64bit+3.10-2.17/bin/../lib/gcc/../../lib/gcc/x86_64-pc-linux-gnu/7.3.0/include-fixed"]
  ignore line: [ignoring nonexistent directory "/n/holylfs02/LABS/guenette_lab/software/next/ups_products/gcc/v7_3_0/Linux64bit+3.10-2.17/bin/../lib/gcc/../../lib/gcc/x86_64-pc-linux-gnu/7.3.0/../../../../x86_64-pc-linux-gnu/include"]
  ignore line: [#include "..." search starts here:]
  ignore line: [#include <...> search starts here:]
  ignore line: [ /n/holylfs02/LABS/guenette_lab/software/next/ups_products/gcc/v7_3_0/Linux64bit+3.10-2.17/bin/../lib/gcc/x86_64-pc-linux-gnu/7.3.0/include]
  ignore line: [ /n/holylfs02/LABS/guenette_lab/software/next/ups_products/gcc/v7_3_0/Linux64bit+3.10-2.17/bin/../lib/gcc/x86_64-pc-linux-gnu/7.3.0/include-fixed]
  ignore line: [ /usr/local/include]
  ignore line: [ /n/holylfs02/LABS/guenette_lab/software/next/ups_products/gcc/v7_3_0/Linux64bit+3.10-2.17/bin/../lib/gcc/../../include]
  ignore line: [ /usr/include]
  ignore line: [End of search list.]
  ignore line: [GNU C11 (GCC) version 7.3.0 (x86_64-pc-linux-gnu)]
  ignore line: [	compiled by GNU C version 7.3.0, GMP version 6.1.2, MPFR version 4.0.0, MPC version 1.1.0, isl version isl-0.18-GMP]
  ignore line: []
  ignore line: [GGC heuristics: --param ggc-min-expand=100 --param ggc-min-heapsize=131072]
  ignore line: [Compiler executable checksum: df54f2906e105335ff005dc81950d28e]
  ignore line: [COLLECT_GCC_OPTIONS='-v' '-o' 'CMakeFiles/cmTC_98277.dir/CMakeCCompilerABI.c.o' '-c' '-mtune=generic' '-march=x86-64']
  ignore line: [ as -v --64 -o CMakeFiles/cmTC_98277.dir/CMakeCCompilerABI.c.o /tmp/cca1o3LE.s]
  ignore line: [GNU assembler version 2.27 (x86_64-redhat-linux) using BFD version version 2.27-34.base.el7]
  ignore line: [COMPILER_PATH=/n/holylfs02/LABS/guenette_lab/software/next/ups_products/gcc/v7_3_0/Linux64bit+3.10-2.17/bin/../libexec/gcc/x86_64-pc-linux-gnu/7.3.0/:/n/holylfs02/LABS/guenette_lab/software/next/ups_products/gcc/v7_3_0/Linux64bit+3.10-2.17/bin/../libexec/gcc/:/n/holylfs02/LABS/guenette_lab/software/next/ups_products/gcc/v7_3_0/Linux64bit+3.10-2.17/bin/]
  ignore line: [LIBRARY_PATH=/n/holylfs02/LABS/guenette_lab/software/next/ups_products/gcc/v7_3_0/Linux64bit+3.10-2.17/bin/../lib/gcc/x86_64-pc-linux-gnu/7.3.0/:/n/holylfs02/LABS/guenette_lab/software/next/ups_products/gcc/v7_3_0/Linux64bit+3.10-2.17/bin/../lib/gcc/:/n/holylfs02/LABS/guenette_lab/software/next/ups_products/gcc/v7_3_0/Linux64bit+3.10-2.17/bin/../lib/gcc/x86_64-pc-linux-gnu/7.3.0/../../../../lib64/:/lib/../lib64/:/usr/lib/../lib64/:/n/holylfs02/LABS/guenette_lab/software/next/ups_products/gcc/v7_3_0/Linux64bit+3.10-2.17/bin/../lib/gcc/x86_64-pc-linux-gnu/7.3.0/../../../:/lib/:/usr/lib/]
  ignore line: [COLLECT_GCC_OPTIONS='-v' '-o' 'CMakeFiles/cmTC_98277.dir/CMakeCCompilerABI.c.o' '-c' '-mtune=generic' '-march=x86-64']
  ignore line: [Linking C executable cmTC_98277]
  ignore line: [/n/holylfs02/LABS/guenette_lab/software/next/ups_products/cmake/v3_14_3/Linux64bit+3.10-2.17/bin/cmake -E cmake_link_script CMakeFiles/cmTC_98277.dir/link.txt --verbose=1]
  ignore line: [/n/holylfs02/LABS/guenette_lab/software/next/ups_products/gcc/v7_3_0/Linux64bit+3.10-2.17/bin/cc     -v CMakeFiles/cmTC_98277.dir/CMakeCCompilerABI.c.o  -o cmTC_98277 ]
  ignore line: [Using built-in specs.]
  ignore line: [COLLECT_GCC=/n/holylfs02/LABS/guenette_lab/software/next/ups_products/gcc/v7_3_0/Linux64bit+3.10-2.17/bin/cc]
  ignore line: [COLLECT_LTO_WRAPPER=/n/holylfs02/LABS/guenette_lab/software/next/ups_products/gcc/v7_3_0/Linux64bit+3.10-2.17/bin/../libexec/gcc/x86_64-pc-linux-gnu/7.3.0/lto-wrapper]
  ignore line: [Target: x86_64-pc-linux-gnu]
  ignore line: [Configured with: ./configure --prefix=/scratch/workspace/art-build-base/v10_00_02/SLF7/build/gcc/v7_3_0/Linux64bit+3.10-2.17 --disable-libgcj --enable-threads=posix --enable-__cxa_atexit --enable-languages=c,c++,fortran,lto --with-system-zlib --enable-libstdcxx-time=rt --enable-stage1-checking=yes --enable-checking=release --enable-lto --enable-plugin]
  ignore line: [Thread model: posix]
  ignore line: [gcc version 7.3.0 (GCC) ]
  ignore line: [COMPILER_PATH=/n/holylfs02/LABS/guenette_lab/software/next/ups_products/gcc/v7_3_0/Linux64bit+3.10-2.17/bin/../libexec/gcc/x86_64-pc-linux-gnu/7.3.0/:/n/holylfs02/LABS/guenette_lab/software/next/ups_products/gcc/v7_3_0/Linux64bit+3.10-2.17/bin/../libexec/gcc/:/n/holylfs02/LABS/guenette_lab/software/next/ups_products/gcc/v7_3_0/Linux64bit+3.10-2.17/bin/]
  ignore line: [LIBRARY_PATH=/n/holylfs02/LABS/guenette_lab/software/next/ups_products/gcc/v7_3_0/Linux64bit+3.10-2.17/bin/../lib/gcc/x86_64-pc-linux-gnu/7.3.0/:/n/holylfs02/LABS/guenette_lab/software/next/ups_products/gcc/v7_3_0/Linux64bit+3.10-2.17/bin/../lib/gcc/:/n/holylfs02/LABS/guenette_lab/software/next/ups_products/gcc/v7_3_0/Linux64bit+3.10-2.17/bin/../lib/gcc/x86_64-pc-linux-gnu/7.3.0/../../../../lib64/:/lib/../lib64/:/usr/lib/../lib64/:/n/holylfs02/LABS/guenette_lab/software/next/ups_products/gcc/v7_3_0/Linux64bit+3.10-2.17/bin/../lib/gcc/x86_64-pc-linux-gnu/7.3.0/../../../:/lib/:/usr/lib/]
  ignore line: [COLLECT_GCC_OPTIONS='-v' '-o' 'cmTC_98277' '-mtune=generic' '-march=x86-64']
  link line: [ /n/holylfs02/LABS/guenette_lab/software/next/ups_products/gcc/v7_3_0/Linux64bit+3.10-2.17/bin/../libexec/gcc/x86_64-pc-linux-gnu/7.3.0/collect2 -plugin /n/holylfs02/LABS/guenette_lab/software/next/ups_products/gcc/v7_3_0/Linux64bit+3.10-2.17/bin/../libexec/gcc/x86_64-pc-linux-gnu/7.3.0/liblto_plugin.so -plugin-opt=/n/holylfs02/LABS/guenette_lab/software/next/ups_products/gcc/v7_3_0/Linux64bit+3.10-2.17/bin/../libexec/gcc/x86_64-pc-linux-gnu/7.3.0/lto-wrapper -plugin-opt=-fresolution=/tmp/cc3aJOVC.res -plugin-opt=-pass-through=-lgcc -plugin-opt=-pass-through=-lgcc_s -plugin-opt=-pass-through=-lc -plugin-opt=-pass-through=-lgcc -plugin-opt=-pass-through=-lgcc_s --eh-frame-hdr -m elf_x86_64 -dynamic-linker /lib64/ld-linux-x86-64.so.2 -o cmTC_98277 /lib/../lib64/crt1.o /lib/../lib64/crti.o /n/holylfs02/LABS/guenette_lab/software/next/ups_products/gcc/v7_3_0/Linux64bit+3.10-2.17/bin/../lib/gcc/x86_64-pc-linux-gnu/7.3.0/crtbegin.o -L/n/holylfs02/LABS/guenette_lab/software/next/ups_products/gcc/v7_3_0/Linux64bit+3.10-2.17/bin/../lib/gcc/x86_64-pc-linux-gnu/7.3.0 -L/n/holylfs02/LABS/guenette_lab/software/next/ups_products/gcc/v7_3_0/Linux64bit+3.10-2.17/bin/../lib/gcc -L/n/holylfs02/LABS/guenette_lab/software/next/ups_products/gcc/v7_3_0/Linux64bit+3.10-2.17/bin/../lib/gcc/x86_64-pc-linux-gnu/7.3.0/../../../../lib64 -L/lib/../lib64 -L/usr/lib/../lib64 -L/n/holylfs02/LABS/guenette_lab/software/next/ups_products/gcc/v7_3_0/Linux64bit+3.10-2.17/bin/../lib/gcc/x86_64-pc-linux-gnu/7.3.0/../../.. CMakeFiles/cmTC_98277.dir/CMakeCCompilerABI.c.o -lgcc --as-needed -lgcc_s --no-as-needed -lc -lgcc --as-needed -lgcc_s --no-as-needed /n/holylfs02/LABS/guenette_lab/software/next/ups_products/gcc/v7_3_0/Linux64bit+3.10-2.17/bin/../lib/gcc/x86_64-pc-linux-gnu/7.3.0/crtend.o /lib/../lib64/crtn.o]
    arg [/n/holylfs02/LABS/guenette_lab/software/next/ups_products/gcc/v7_3_0/Linux64bit+3.10-2.17/bin/../libexec/gcc/x86_64-pc-linux-gnu/7.3.0/collect2] ==> ignore
    arg [-plugin] ==> ignore
    arg [/n/holylfs02/LABS/guenette_lab/software/next/ups_products/gcc/v7_3_0/Linux64bit+3.10-2.17/bin/../libexec/gcc/x86_64-pc-linux-gnu/7.3.0/liblto_plugin.so] ==> ignore
    arg [-plugin-opt=/n/holylfs02/LABS/guenette_lab/software/next/ups_products/gcc/v7_3_0/Linux64bit+3.10-2.17/bin/../libexec/gcc/x86_64-pc-linux-gnu/7.3.0/lto-wrapper] ==> ignore
    arg [-plugin-opt=-fresolution=/tmp/cc3aJOVC.res] ==> ignore
    arg [-plugin-opt=-pass-through=-lgcc] ==> ignore
    arg [-plugin-opt=-pass-through=-lgcc_s] ==> ignore
    arg [-plugin-opt=-pass-through=-lc] ==> ignore
    arg [-plugin-opt=-pass-through=-lgcc] ==> ignore
    arg [-plugin-opt=-pass-through=-lgcc_s] ==> ignore
    arg [--eh-frame-hdr] ==> ignore
    arg [-m] ==> ignore
    arg [elf_x86_64] ==> ignore
    arg [-dynamic-linker] ==> ignore
    arg [/lib64/ld-linux-x86-64.so.2] ==> ignore
    arg [-o] ==> ignore
    arg [cmTC_98277] ==> ignore
    arg [/lib/../lib64/crt1.o] ==> ignore
    arg [/lib/../lib64/crti.o] ==> ignore
    arg [/n/holylfs02/LABS/guenette_lab/software/next/ups_products/gcc/v7_3_0/Linux64bit+3.10-2.17/bin/../lib/gcc/x86_64-pc-linux-gnu/7.3.0/crtbegin.o] ==> ignore
    arg [-L/n/holylfs02/LABS/guenette_lab/software/next/ups_products/gcc/v7_3_0/Linux64bit+3.10-2.17/bin/../lib/gcc/x86_64-pc-linux-gnu/7.3.0] ==> dir [/n/holylfs02/LABS/guenette_lab/software/next/ups_products/gcc/v7_3_0/Linux64bit+3.10-2.17/bin/../lib/gcc/x86_64-pc-linux-gnu/7.3.0]
    arg [-L/n/holylfs02/LABS/guenette_lab/software/next/ups_products/gcc/v7_3_0/Linux64bit+3.10-2.17/bin/../lib/gcc] ==> dir [/n/holylfs02/LABS/guenette_lab/software/next/ups_products/gcc/v7_3_0/Linux64bit+3.10-2.17/bin/../lib/gcc]
    arg [-L/n/holylfs02/LABS/guenette_lab/software/next/ups_products/gcc/v7_3_0/Linux64bit+3.10-2.17/bin/../lib/gcc/x86_64-pc-linux-gnu/7.3.0/../../../../lib64] ==> dir [/n/holylfs02/LABS/guenette_lab/software/next/ups_products/gcc/v7_3_0/Linux64bit+3.10-2.17/bin/../lib/gcc/x86_64-pc-linux-gnu/7.3.0/../../../../lib64]
    arg [-L/lib/../lib64] ==> dir [/lib/../lib64]
    arg [-L/usr/lib/../lib64] ==> dir [/usr/lib/../lib64]
    arg [-L/n/holylfs02/LABS/guenette_lab/software/next/ups_products/gcc/v7_3_0/Linux64bit+3.10-2.17/bin/../lib/gcc/x86_64-pc-linux-gnu/7.3.0/../../..] ==> dir [/n/holylfs02/LABS/guenette_lab/software/next/ups_products/gcc/v7_3_0/Linux64bit+3.10-2.17/bin/../lib/gcc/x86_64-pc-linux-gnu/7.3.0/../../..]
    arg [CMakeFiles/cmTC_98277.dir/CMakeCCompilerABI.c.o] ==> ignore
    arg [-lgcc] ==> lib [gcc]
    arg [--as-needed] ==> ignore
    arg [-lgcc_s] ==> lib [gcc_s]
    arg [--no-as-needed] ==> ignore
    arg [-lc] ==> lib [c]
    arg [-lgcc] ==> lib [gcc]
    arg [--as-needed] ==> ignore
    arg [-lgcc_s] ==> lib [gcc_s]
    arg [--no-as-needed] ==> ignore
    arg [/n/holylfs02/LABS/guenette_lab/software/next/ups_products/gcc/v7_3_0/Linux64bit+3.10-2.17/bin/../lib/gcc/x86_64-pc-linux-gnu/7.3.0/crtend.o] ==> ignore
    arg [/lib/../lib64/crtn.o] ==> ignore
  collapse library dir [/n/holylfs02/LABS/guenette_lab/software/next/ups_products/gcc/v7_3_0/Linux64bit+3.10-2.17/bin/../lib/gcc/x86_64-pc-linux-gnu/7.3.0] ==> [/n/holylfs02/LABS/guenette_lab/software/next/ups_products/gcc/v7_3_0/Linux64bit+3.10-2.17/lib/gcc/x86_64-pc-linux-gnu/7.3.0]
  collapse library dir [/n/holylfs02/LABS/guenette_lab/software/next/ups_products/gcc/v7_3_0/Linux64bit+3.10-2.17/bin/../lib/gcc] ==> [/n/holylfs02/LABS/guenette_lab/software/next/ups_products/gcc/v7_3_0/Linux64bit+3.10-2.17/lib/gcc]
  collapse library dir [/n/holylfs02/LABS/guenette_lab/software/next/ups_products/gcc/v7_3_0/Linux64bit+3.10-2.17/bin/../lib/gcc/x86_64-pc-linux-gnu/7.3.0/../../../../lib64] ==> [/n/holylfs02/LABS/guenette_lab/software/next/ups_products/gcc/v7_3_0/Linux64bit+3.10-2.17/lib64]
  collapse library dir [/lib/../lib64] ==> [/lib64]
  collapse library dir [/usr/lib/../lib64] ==> [/usr/lib64]
  collapse library dir [/n/holylfs02/LABS/guenette_lab/software/next/ups_products/gcc/v7_3_0/Linux64bit+3.10-2.17/bin/../lib/gcc/x86_64-pc-linux-gnu/7.3.0/../../..] ==> [/n/holylfs02/LABS/guenette_lab/software/next/ups_products/gcc/v7_3_0/Linux64bit+3.10-2.17/lib]
  implicit libs: [gcc;gcc_s;c;gcc;gcc_s]
  implicit dirs: [/n/holylfs02/LABS/guenette_lab/software/next/ups_products/gcc/v7_3_0/Linux64bit+3.10-2.17/lib/gcc/x86_64-pc-linux-gnu/7.3.0;/n/holylfs02/LABS/guenette_lab/software/next/ups_products/gcc/v7_3_0/Linux64bit+3.10-2.17/lib/gcc;/n/holylfs02/LABS/guenette_lab/software/next/ups_products/gcc/v7_3_0/Linux64bit+3.10-2.17/lib64;/lib64;/usr/lib64;/n/holylfs02/LABS/guenette_lab/software/next/ups_products/gcc/v7_3_0/Linux64bit+3.10-2.17/lib]
  implicit fwks: []




Detecting C [-std=c11] compiler features compiled with the following output:
Change Dir: /n/holylfs02/LABS/guenette_lab/users/amcdonald/Q_PIX/RTD_QPIX/Build/CMakeFiles/CMakeTmp

Run Build Command(s):/usr/bin/gmake cmTC_ee72b/fast 
/usr/bin/gmake -f CMakeFiles/cmTC_ee72b.dir/build.make CMakeFiles/cmTC_ee72b.dir/build
gmake[1]: Entering directory `/n/holylfs02/LABS/guenette_lab/users/amcdonald/Q_PIX/RTD_QPIX/Build/CMakeFiles/CMakeTmp'
Building C object CMakeFiles/cmTC_ee72b.dir/feature_tests.c.o
/n/holylfs02/LABS/guenette_lab/software/next/ups_products/gcc/v7_3_0/Linux64bit+3.10-2.17/bin/cc   -std=c11 -o CMakeFiles/cmTC_ee72b.dir/feature_tests.c.o   -c /n/holylfs02/LABS/guenette_lab/users/amcdonald/Q_PIX/RTD_QPIX/Build/CMakeFiles/feature_tests.c
Linking C executable cmTC_ee72b
/n/holylfs02/LABS/guenette_lab/software/next/ups_products/cmake/v3_14_3/Linux64bit+3.10-2.17/bin/cmake -E cmake_link_script CMakeFiles/cmTC_ee72b.dir/link.txt --verbose=1
/n/holylfs02/LABS/guenette_lab/software/next/ups_products/gcc/v7_3_0/Linux64bit+3.10-2.17/bin/cc      CMakeFiles/cmTC_ee72b.dir/feature_tests.c.o  -o cmTC_ee72b 
gmake[1]: Leaving directory `/n/holylfs02/LABS/guenette_lab/users/amcdonald/Q_PIX/RTD_QPIX/Build/CMakeFiles/CMakeTmp'


    Feature record: C_FEATURE:1c_function_prototypes
    Feature record: C_FEATURE:1c_restrict
    Feature record: C_FEATURE:1c_static_assert
    Feature record: C_FEATURE:1c_variadic_macros


Detecting C [-std=c99] compiler features compiled with the following output:
Change Dir: /n/holylfs02/LABS/guenette_lab/users/amcdonald/Q_PIX/RTD_QPIX/Build/CMakeFiles/CMakeTmp

Run Build Command(s):/usr/bin/gmake cmTC_175c3/fast 
/usr/bin/gmake -f CMakeFiles/cmTC_175c3.dir/build.make CMakeFiles/cmTC_175c3.dir/build
gmake[1]: Entering directory `/n/holylfs02/LABS/guenette_lab/users/amcdonald/Q_PIX/RTD_QPIX/Build/CMakeFiles/CMakeTmp'
Building C object CMakeFiles/cmTC_175c3.dir/feature_tests.c.o
/n/holylfs02/LABS/guenette_lab/software/next/ups_products/gcc/v7_3_0/Linux64bit+3.10-2.17/bin/cc   -std=c99 -o CMakeFiles/cmTC_175c3.dir/feature_tests.c.o   -c /n/holylfs02/LABS/guenette_lab/users/amcdonald/Q_PIX/RTD_QPIX/Build/CMakeFiles/feature_tests.c
Linking C executable cmTC_175c3
/n/holylfs02/LABS/guenette_lab/software/next/ups_products/cmake/v3_14_3/Linux64bit+3.10-2.17/bin/cmake -E cmake_link_script CMakeFiles/cmTC_175c3.dir/link.txt --verbose=1
/n/holylfs02/LABS/guenette_lab/software/next/ups_products/gcc/v7_3_0/Linux64bit+3.10-2.17/bin/cc      CMakeFiles/cmTC_175c3.dir/feature_tests.c.o  -o cmTC_175c3 
gmake[1]: Leaving directory `/n/holylfs02/LABS/guenette_lab/users/amcdonald/Q_PIX/RTD_QPIX/Build/CMakeFiles/CMakeTmp'


    Feature record: C_FEATURE:1c_function_prototypes
    Feature record: C_FEATURE:1c_restrict
    Feature record: C_FEATURE:0c_static_assert
    Feature record: C_FEATURE:1c_variadic_macros


Detecting C [-std=c90] compiler features compiled with the following output:
Change Dir: /n/holylfs02/LABS/guenette_lab/users/amcdonald/Q_PIX/RTD_QPIX/Build/CMakeFiles/CMakeTmp

Run Build Command(s):/usr/bin/gmake cmTC_21c8d/fast 
/usr/bin/gmake -f CMakeFiles/cmTC_21c8d.dir/build.make CMakeFiles/cmTC_21c8d.dir/build
gmake[1]: Entering directory `/n/holylfs02/LABS/guenette_lab/users/amcdonald/Q_PIX/RTD_QPIX/Build/CMakeFiles/CMakeTmp'
Building C object CMakeFiles/cmTC_21c8d.dir/feature_tests.c.o
/n/holylfs02/LABS/guenette_lab/software/next/ups_products/gcc/v7_3_0/Linux64bit+3.10-2.17/bin/cc   -std=c90 -o CMakeFiles/cmTC_21c8d.dir/feature_tests.c.o   -c /n/holylfs02/LABS/guenette_lab/users/amcdonald/Q_PIX/RTD_QPIX/Build/CMakeFiles/feature_tests.c
Linking C executable cmTC_21c8d
/n/holylfs02/LABS/guenette_lab/software/next/ups_products/cmake/v3_14_3/Linux64bit+3.10-2.17/bin/cmake -E cmake_link_script CMakeFiles/cmTC_21c8d.dir/link.txt --verbose=1
/n/holylfs02/LABS/guenette_lab/software/next/ups_products/gcc/v7_3_0/Linux64bit+3.10-2.17/bin/cc      CMakeFiles/cmTC_21c8d.dir/feature_tests.c.o  -o cmTC_21c8d 
gmake[1]: Leaving directory `/n/holylfs02/LABS/guenette_lab/users/amcdonald/Q_PIX/RTD_QPIX/Build/CMakeFiles/CMakeTmp'


    Feature record: C_FEATURE:1c_function_prototypes
    Feature record: C_FEATURE:0c_restrict
    Feature record: C_FEATURE:0c_static_assert
    Feature record: C_FEATURE:0c_variadic_macros
Determining if the CXX compiler works passed with the following output:
Change Dir: /n/holylfs02/LABS/guenette_lab/users/amcdonald/Q_PIX/RTD_QPIX/Build/CMakeFiles/CMakeTmp

Run Build Command(s):/usr/bin/gmake cmTC_2a8a9/fast 
/usr/bin/gmake -f CMakeFiles/cmTC_2a8a9.dir/build.make CMakeFiles/cmTC_2a8a9.dir/build
gmake[1]: Entering directory `/n/holylfs02/LABS/guenette_lab/users/amcdonald/Q_PIX/RTD_QPIX/Build/CMakeFiles/CMakeTmp'
Building CXX object CMakeFiles/cmTC_2a8a9.dir/testCXXCompiler.cxx.o
/n/holylfs02/LABS/guenette_lab/software/next/ups_products/gcc/v7_3_0/Linux64bit+3.10-2.17/bin/c++     -o CMakeFiles/cmTC_2a8a9.dir/testCXXCompiler.cxx.o -c /n/holylfs02/LABS/guenette_lab/users/amcdonald/Q_PIX/RTD_QPIX/Build/CMakeFiles/CMakeTmp/testCXXCompiler.cxx
Linking CXX executable cmTC_2a8a9
/n/holylfs02/LABS/guenette_lab/software/next/ups_products/cmake/v3_14_3/Linux64bit+3.10-2.17/bin/cmake -E cmake_link_script CMakeFiles/cmTC_2a8a9.dir/link.txt --verbose=1
/n/holylfs02/LABS/guenette_lab/software/next/ups_products/gcc/v7_3_0/Linux64bit+3.10-2.17/bin/c++       CMakeFiles/cmTC_2a8a9.dir/testCXXCompiler.cxx.o  -o cmTC_2a8a9 
gmake[1]: Leaving directory `/n/holylfs02/LABS/guenette_lab/users/amcdonald/Q_PIX/RTD_QPIX/Build/CMakeFiles/CMakeTmp'


Detecting CXX compiler ABI info compiled with the following output:
Change Dir: /n/holylfs02/LABS/guenette_lab/users/amcdonald/Q_PIX/RTD_QPIX/Build/CMakeFiles/CMakeTmp

Run Build Command(s):/usr/bin/gmake cmTC_e6840/fast 
/usr/bin/gmake -f CMakeFiles/cmTC_e6840.dir/build.make CMakeFiles/cmTC_e6840.dir/build
gmake[1]: Entering directory `/n/holylfs02/LABS/guenette_lab/users/amcdonald/Q_PIX/RTD_QPIX/Build/CMakeFiles/CMakeTmp'
Building CXX object CMakeFiles/cmTC_e6840.dir/CMakeCXXCompilerABI.cpp.o
/n/holylfs02/LABS/guenette_lab/software/next/ups_products/gcc/v7_3_0/Linux64bit+3.10-2.17/bin/c++    -v -o CMakeFiles/cmTC_e6840.dir/CMakeCXXCompilerABI.cpp.o -c /n/holylfs02/LABS/guenette_lab/software/next/ups_products/cmake/v3_14_3/Linux64bit+3.10-2.17/share/cmake-3.14/Modules/CMakeCXXCompilerABI.cpp
Using built-in specs.
COLLECT_GCC=/n/holylfs02/LABS/guenette_lab/software/next/ups_products/gcc/v7_3_0/Linux64bit+3.10-2.17/bin/c++
Target: x86_64-pc-linux-gnu
Configured with: ./configure --prefix=/scratch/workspace/art-build-base/v10_00_02/SLF7/build/gcc/v7_3_0/Linux64bit+3.10-2.17 --disable-libgcj --enable-threads=posix --enable-__cxa_atexit --enable-languages=c,c++,fortran,lto --with-system-zlib --enable-libstdcxx-time=rt --enable-stage1-checking=yes --enable-checking=release --enable-lto --enable-plugin
Thread model: posix
gcc version 7.3.0 (GCC) 
COLLECT_GCC_OPTIONS='-v' '-o' 'CMakeFiles/cmTC_e6840.dir/CMakeCXXCompilerABI.cpp.o' '-c' '-shared-libgcc' '-mtune=generic' '-march=x86-64'
 /n/holylfs02/LABS/guenette_lab/software/next/ups_products/gcc/v7_3_0/Linux64bit+3.10-2.17/bin/../libexec/gcc/x86_64-pc-linux-gnu/7.3.0/cc1plus -quiet -v -iprefix /n/holylfs02/LABS/guenette_lab/software/next/ups_products/gcc/v7_3_0/Linux64bit+3.10-2.17/bin/../lib/gcc/x86_64-pc-linux-gnu/7.3.0/ -D_GNU_SOURCE /n/holylfs02/LABS/guenette_lab/software/next/ups_products/cmake/v3_14_3/Linux64bit+3.10-2.17/share/cmake-3.14/Modules/CMakeCXXCompilerABI.cpp -quiet -dumpbase CMakeCXXCompilerABI.cpp -mtune=generic -march=x86-64 -auxbase-strip CMakeFiles/cmTC_e6840.dir/CMakeCXXCompilerABI.cpp.o -version -o /tmp/ccCdVL5P.s
GNU C++14 (GCC) version 7.3.0 (x86_64-pc-linux-gnu)
	compiled by GNU C version 7.3.0, GMP version 6.1.2, MPFR version 4.0.0, MPC version 1.1.0, isl version isl-0.18-GMP

GGC heuristics: --param ggc-min-expand=100 --param ggc-min-heapsize=131072
ignoring nonexistent directory "/n/holylfs02/LABS/guenette_lab/software/next/ups_products/gcc/v7_3_0/Linux64bit+3.10-2.17/bin/../lib/gcc/x86_64-pc-linux-gnu/7.3.0/../../../../x86_64-pc-linux-gnu/include"
ignoring duplicate directory "/n/holylfs02/LABS/guenette_lab/software/next/ups_products/gcc/v7_3_0/Linux64bit+3.10-2.17/bin/../lib/gcc/../../lib/gcc/x86_64-pc-linux-gnu/7.3.0/../../../../include/c++/7.3.0"
ignoring duplicate directory "/n/holylfs02/LABS/guenette_lab/software/next/ups_products/gcc/v7_3_0/Linux64bit+3.10-2.17/bin/../lib/gcc/../../lib/gcc/x86_64-pc-linux-gnu/7.3.0/../../../../include/c++/7.3.0/x86_64-pc-linux-gnu"
ignoring duplicate directory "/n/holylfs02/LABS/guenette_lab/software/next/ups_products/gcc/v7_3_0/Linux64bit+3.10-2.17/bin/../lib/gcc/../../lib/gcc/x86_64-pc-linux-gnu/7.3.0/../../../../include/c++/7.3.0/backward"
ignoring duplicate directory "/n/holylfs02/LABS/guenette_lab/software/next/ups_products/gcc/v7_3_0/Linux64bit+3.10-2.17/bin/../lib/gcc/../../lib/gcc/x86_64-pc-linux-gnu/7.3.0/include"
ignoring duplicate directory "/n/holylfs02/LABS/guenette_lab/software/next/ups_products/gcc/v7_3_0/Linux64bit+3.10-2.17/bin/../lib/gcc/../../lib/gcc/x86_64-pc-linux-gnu/7.3.0/include-fixed"
ignoring nonexistent directory "/n/holylfs02/LABS/guenette_lab/software/next/ups_products/gcc/v7_3_0/Linux64bit+3.10-2.17/bin/../lib/gcc/../../lib/gcc/x86_64-pc-linux-gnu/7.3.0/../../../../x86_64-pc-linux-gnu/include"
#include "..." search starts here:
#include <...> search starts here:
 /n/holylfs02/LABS/guenette_lab/software/next/ups_products/gcc/v7_3_0/Linux64bit+3.10-2.17/bin/../lib/gcc/x86_64-pc-linux-gnu/7.3.0/../../../../include/c++/7.3.0
 /n/holylfs02/LABS/guenette_lab/software/next/ups_products/gcc/v7_3_0/Linux64bit+3.10-2.17/bin/../lib/gcc/x86_64-pc-linux-gnu/7.3.0/../../../../include/c++/7.3.0/x86_64-pc-linux-gnu
 /n/holylfs02/LABS/guenette_lab/software/next/ups_products/gcc/v7_3_0/Linux64bit+3.10-2.17/bin/../lib/gcc/x86_64-pc-linux-gnu/7.3.0/../../../../include/c++/7.3.0/backward
 /n/holylfs02/LABS/guenette_lab/software/next/ups_products/gcc/v7_3_0/Linux64bit+3.10-2.17/bin/../lib/gcc/x86_64-pc-linux-gnu/7.3.0/include
 /n/holylfs02/LABS/guenette_lab/software/next/ups_products/gcc/v7_3_0/Linux64bit+3.10-2.17/bin/../lib/gcc/x86_64-pc-linux-gnu/7.3.0/include-fixed
 /usr/local/include
 /n/holylfs02/LABS/guenette_lab/software/next/ups_products/gcc/v7_3_0/Linux64bit+3.10-2.17/bin/../lib/gcc/../../include
 /usr/include
End of search list.
GNU C++14 (GCC) version 7.3.0 (x86_64-pc-linux-gnu)
	compiled by GNU C version 7.3.0, GMP version 6.1.2, MPFR version 4.0.0, MPC version 1.1.0, isl version isl-0.18-GMP

GGC heuristics: --param ggc-min-expand=100 --param ggc-min-heapsize=131072
Compiler executable checksum: 12b218c670f41a65173db4fde86f1efe
COLLECT_GCC_OPTIONS='-v' '-o' 'CMakeFiles/cmTC_e6840.dir/CMakeCXXCompilerABI.cpp.o' '-c' '-shared-libgcc' '-mtune=generic' '-march=x86-64'
 as -v --64 -o CMakeFiles/cmTC_e6840.dir/CMakeCXXCompilerABI.cpp.o /tmp/ccCdVL5P.s
GNU assembler version 2.27 (x86_64-redhat-linux) using BFD version version 2.27-34.base.el7
COMPILER_PATH=/n/holylfs02/LABS/guenette_lab/software/next/ups_products/gcc/v7_3_0/Linux64bit+3.10-2.17/bin/../libexec/gcc/x86_64-pc-linux-gnu/7.3.0/:/n/holylfs02/LABS/guenette_lab/software/next/ups_products/gcc/v7_3_0/Linux64bit+3.10-2.17/bin/../libexec/gcc/:/n/holylfs02/LABS/guenette_lab/software/next/ups_products/gcc/v7_3_0/Linux64bit+3.10-2.17/bin/
LIBRARY_PATH=/n/holylfs02/LABS/guenette_lab/software/next/ups_products/gcc/v7_3_0/Linux64bit+3.10-2.17/bin/../lib/gcc/x86_64-pc-linux-gnu/7.3.0/:/n/holylfs02/LABS/guenette_lab/software/next/ups_products/gcc/v7_3_0/Linux64bit+3.10-2.17/bin/../lib/gcc/:/n/holylfs02/LABS/guenette_lab/software/next/ups_products/gcc/v7_3_0/Linux64bit+3.10-2.17/bin/../lib/gcc/x86_64-pc-linux-gnu/7.3.0/../../../../lib64/:/lib/../lib64/:/usr/lib/../lib64/:/n/holylfs02/LABS/guenette_lab/software/next/ups_products/gcc/v7_3_0/Linux64bit+3.10-2.17/bin/../lib/gcc/x86_64-pc-linux-gnu/7.3.0/../../../:/lib/:/usr/lib/
COLLECT_GCC_OPTIONS='-v' '-o' 'CMakeFiles/cmTC_e6840.dir/CMakeCXXCompilerABI.cpp.o' '-c' '-shared-libgcc' '-mtune=generic' '-march=x86-64'
Linking CXX executable cmTC_e6840
/n/holylfs02/LABS/guenette_lab/software/next/ups_products/cmake/v3_14_3/Linux64bit+3.10-2.17/bin/cmake -E cmake_link_script CMakeFiles/cmTC_e6840.dir/link.txt --verbose=1
/n/holylfs02/LABS/guenette_lab/software/next/ups_products/gcc/v7_3_0/Linux64bit+3.10-2.17/bin/c++      -v CMakeFiles/cmTC_e6840.dir/CMakeCXXCompilerABI.cpp.o  -o cmTC_e6840 
Using built-in specs.
COLLECT_GCC=/n/holylfs02/LABS/guenette_lab/software/next/ups_products/gcc/v7_3_0/Linux64bit+3.10-2.17/bin/c++
COLLECT_LTO_WRAPPER=/n/holylfs02/LABS/guenette_lab/software/next/ups_products/gcc/v7_3_0/Linux64bit+3.10-2.17/bin/../libexec/gcc/x86_64-pc-linux-gnu/7.3.0/lto-wrapper
Target: x86_64-pc-linux-gnu
Configured with: ./configure --prefix=/scratch/workspace/art-build-base/v10_00_02/SLF7/build/gcc/v7_3_0/Linux64bit+3.10-2.17 --disable-libgcj --enable-threads=posix --enable-__cxa_atexit --enable-languages=c,c++,fortran,lto --with-system-zlib --enable-libstdcxx-time=rt --enable-stage1-checking=yes --enable-checking=release --enable-lto --enable-plugin
Thread model: posix
gcc version 7.3.0 (GCC) 
COMPILER_PATH=/n/holylfs02/LABS/guenette_lab/software/next/ups_products/gcc/v7_3_0/Linux64bit+3.10-2.17/bin/../libexec/gcc/x86_64-pc-linux-gnu/7.3.0/:/n/holylfs02/LABS/guenette_lab/software/next/ups_products/gcc/v7_3_0/Linux64bit+3.10-2.17/bin/../libexec/gcc/:/n/holylfs02/LABS/guenette_lab/software/next/ups_products/gcc/v7_3_0/Linux64bit+3.10-2.17/bin/
LIBRARY_PATH=/n/holylfs02/LABS/guenette_lab/software/next/ups_products/gcc/v7_3_0/Linux64bit+3.10-2.17/bin/../lib/gcc/x86_64-pc-linux-gnu/7.3.0/:/n/holylfs02/LABS/guenette_lab/software/next/ups_products/gcc/v7_3_0/Linux64bit+3.10-2.17/bin/../lib/gcc/:/n/holylfs02/LABS/guenette_lab/software/next/ups_products/gcc/v7_3_0/Linux64bit+3.10-2.17/bin/../lib/gcc/x86_64-pc-linux-gnu/7.3.0/../../../../lib64/:/lib/../lib64/:/usr/lib/../lib64/:/n/holylfs02/LABS/guenette_lab/software/next/ups_products/gcc/v7_3_0/Linux64bit+3.10-2.17/bin/../lib/gcc/x86_64-pc-linux-gnu/7.3.0/../../../:/lib/:/usr/lib/
COLLECT_GCC_OPTIONS='-v' '-o' 'cmTC_e6840' '-shared-libgcc' '-mtune=generic' '-march=x86-64'
 /n/holylfs02/LABS/guenette_lab/software/next/ups_products/gcc/v7_3_0/Linux64bit+3.10-2.17/bin/../libexec/gcc/x86_64-pc-linux-gnu/7.3.0/collect2 -plugin /n/holylfs02/LABS/guenette_lab/software/next/ups_products/gcc/v7_3_0/Linux64bit+3.10-2.17/bin/../libexec/gcc/x86_64-pc-linux-gnu/7.3.0/liblto_plugin.so -plugin-opt=/n/holylfs02/LABS/guenette_lab/software/next/ups_products/gcc/v7_3_0/Linux64bit+3.10-2.17/bin/../libexec/gcc/x86_64-pc-linux-gnu/7.3.0/lto-wrapper -plugin-opt=-fresolution=/tmp/ccml0OvZ.res -plugin-opt=-pass-through=-lgcc_s -plugin-opt=-pass-through=-lgcc -plugin-opt=-pass-through=-lc -plugin-opt=-pass-through=-lgcc_s -plugin-opt=-pass-through=-lgcc --eh-frame-hdr -m elf_x86_64 -dynamic-linker /lib64/ld-linux-x86-64.so.2 -o cmTC_e6840 /lib/../lib64/crt1.o /lib/../lib64/crti.o /n/holylfs02/LABS/guenette_lab/software/next/ups_products/gcc/v7_3_0/Linux64bit+3.10-2.17/bin/../lib/gcc/x86_64-pc-linux-gnu/7.3.0/crtbegin.o -L/n/holylfs02/LABS/guenette_lab/software/next/ups_products/gcc/v7_3_0/Linux64bit+3.10-2.17/bin/../lib/gcc/x86_64-pc-linux-gnu/7.3.0 -L/n/holylfs02/LABS/guenette_lab/software/next/ups_products/gcc/v7_3_0/Linux64bit+3.10-2.17/bin/../lib/gcc -L/n/holylfs02/LABS/guenette_lab/software/next/ups_products/gcc/v7_3_0/Linux64bit+3.10-2.17/bin/../lib/gcc/x86_64-pc-linux-gnu/7.3.0/../../../../lib64 -L/lib/../lib64 -L/usr/lib/../lib64 -L/n/holylfs02/LABS/guenette_lab/software/next/ups_products/gcc/v7_3_0/Linux64bit+3.10-2.17/bin/../lib/gcc/x86_64-pc-linux-gnu/7.3.0/../../.. CMakeFiles/cmTC_e6840.dir/CMakeCXXCompilerABI.cpp.o -lstdc++ -lm -lgcc_s -lgcc -lc -lgcc_s -lgcc /n/holylfs02/LABS/guenette_lab/software/next/ups_products/gcc/v7_3_0/Linux64bit+3.10-2.17/bin/../lib/gcc/x86_64-pc-linux-gnu/7.3.0/crtend.o /lib/../lib64/crtn.o
COLLECT_GCC_OPTIONS='-v' '-o' 'cmTC_e6840' '-shared-libgcc' '-mtune=generic' '-march=x86-64'
gmake[1]: Leaving directory `/n/holylfs02/LABS/guenette_lab/users/amcdonald/Q_PIX/RTD_QPIX/Build/CMakeFiles/CMakeTmp'


Parsed CXX implicit include dir info from above output: rv=done
  found start of include info
  found start of implicit include info
    add: [/n/holylfs02/LABS/guenette_lab/software/next/ups_products/gcc/v7_3_0/Linux64bit+3.10-2.17/bin/../lib/gcc/x86_64-pc-linux-gnu/7.3.0/../../../../include/c++/7.3.0]
    add: [/n/holylfs02/LABS/guenette_lab/software/next/ups_products/gcc/v7_3_0/Linux64bit+3.10-2.17/bin/../lib/gcc/x86_64-pc-linux-gnu/7.3.0/../../../../include/c++/7.3.0/x86_64-pc-linux-gnu]
    add: [/n/holylfs02/LABS/guenette_lab/software/next/ups_products/gcc/v7_3_0/Linux64bit+3.10-2.17/bin/../lib/gcc/x86_64-pc-linux-gnu/7.3.0/../../../../include/c++/7.3.0/backward]
    add: [/n/holylfs02/LABS/guenette_lab/software/next/ups_products/gcc/v7_3_0/Linux64bit+3.10-2.17/bin/../lib/gcc/x86_64-pc-linux-gnu/7.3.0/include]
    add: [/n/holylfs02/LABS/guenette_lab/software/next/ups_products/gcc/v7_3_0/Linux64bit+3.10-2.17/bin/../lib/gcc/x86_64-pc-linux-gnu/7.3.0/include-fixed]
    add: [/usr/local/include]
    add: [/n/holylfs02/LABS/guenette_lab/software/next/ups_products/gcc/v7_3_0/Linux64bit+3.10-2.17/bin/../lib/gcc/../../include]
    add: [/usr/include]
  end of search list found
  collapse include dir [/n/holylfs02/LABS/guenette_lab/software/next/ups_products/gcc/v7_3_0/Linux64bit+3.10-2.17/bin/../lib/gcc/x86_64-pc-linux-gnu/7.3.0/../../../../include/c++/7.3.0] ==> [/n/holylfs02/LABS/guenette_lab/software/next/ups_products/gcc/v7_3_0/Linux64bit+3.10-2.17/include/c++/7.3.0]
  collapse include dir [/n/holylfs02/LABS/guenette_lab/software/next/ups_products/gcc/v7_3_0/Linux64bit+3.10-2.17/bin/../lib/gcc/x86_64-pc-linux-gnu/7.3.0/../../../../include/c++/7.3.0/x86_64-pc-linux-gnu] ==> [/n/holylfs02/LABS/guenette_lab/software/next/ups_products/gcc/v7_3_0/Linux64bit+3.10-2.17/include/c++/7.3.0/x86_64-pc-linux-gnu]
  collapse include dir [/n/holylfs02/LABS/guenette_lab/software/next/ups_products/gcc/v7_3_0/Linux64bit+3.10-2.17/bin/../lib/gcc/x86_64-pc-linux-gnu/7.3.0/../../../../include/c++/7.3.0/backward] ==> [/n/holylfs02/LABS/guenette_lab/software/next/ups_products/gcc/v7_3_0/Linux64bit+3.10-2.17/include/c++/7.3.0/backward]
  collapse include dir [/n/holylfs02/LABS/guenette_lab/software/next/ups_products/gcc/v7_3_0/Linux64bit+3.10-2.17/bin/../lib/gcc/x86_64-pc-linux-gnu/7.3.0/include] ==> [/n/holylfs02/LABS/guenette_lab/software/next/ups_products/gcc/v7_3_0/Linux64bit+3.10-2.17/lib/gcc/x86_64-pc-linux-gnu/7.3.0/include]
  collapse include dir [/n/holylfs02/LABS/guenette_lab/software/next/ups_products/gcc/v7_3_0/Linux64bit+3.10-2.17/bin/../lib/gcc/x86_64-pc-linux-gnu/7.3.0/include-fixed] ==> [/n/holylfs02/LABS/guenette_lab/software/next/ups_products/gcc/v7_3_0/Linux64bit+3.10-2.17/lib/gcc/x86_64-pc-linux-gnu/7.3.0/include-fixed]
  collapse include dir [/usr/local/include] ==> [/usr/local/include]
  collapse include dir [/n/holylfs02/LABS/guenette_lab/software/next/ups_products/gcc/v7_3_0/Linux64bit+3.10-2.17/bin/../lib/gcc/../../include] ==> [/n/holylfs02/LABS/guenette_lab/software/next/ups_products/gcc/v7_3_0/Linux64bit+3.10-2.17/include]
  collapse include dir [/usr/include] ==> [/usr/include]
  implicit include dirs: [/n/holylfs02/LABS/guenette_lab/software/next/ups_products/gcc/v7_3_0/Linux64bit+3.10-2.17/include/c++/7.3.0;/n/holylfs02/LABS/guenette_lab/software/next/ups_products/gcc/v7_3_0/Linux64bit+3.10-2.17/include/c++/7.3.0/x86_64-pc-linux-gnu;/n/holylfs02/LABS/guenette_lab/software/next/ups_products/gcc/v7_3_0/Linux64bit+3.10-2.17/include/c++/7.3.0/backward;/n/holylfs02/LABS/guenette_lab/software/next/ups_products/gcc/v7_3_0/Linux64bit+3.10-2.17/lib/gcc/x86_64-pc-linux-gnu/7.3.0/include;/n/holylfs02/LABS/guenette_lab/software/next/ups_products/gcc/v7_3_0/Linux64bit+3.10-2.17/lib/gcc/x86_64-pc-linux-gnu/7.3.0/include-fixed;/usr/local/include;/n/holylfs02/LABS/guenette_lab/software/next/ups_products/gcc/v7_3_0/Linux64bit+3.10-2.17/include;/usr/include]


Parsed CXX implicit link information from above output:
  link line regex: [^( *|.*[/\])(ld|CMAKE_LINK_STARTFILE-NOTFOUND|([^/\]+-)?ld|collect2)[^/\]*( |$)]
  ignore line: [Change Dir: /n/holylfs02/LABS/guenette_lab/users/amcdonald/Q_PIX/RTD_QPIX/Build/CMakeFiles/CMakeTmp]
  ignore line: []
  ignore line: [Run Build Command(s):/usr/bin/gmake cmTC_e6840/fast ]
  ignore line: [/usr/bin/gmake -f CMakeFiles/cmTC_e6840.dir/build.make CMakeFiles/cmTC_e6840.dir/build]
  ignore line: [gmake[1]: Entering directory `/n/holylfs02/LABS/guenette_lab/users/amcdonald/Q_PIX/RTD_QPIX/Build/CMakeFiles/CMakeTmp']
  ignore line: [Building CXX object CMakeFiles/cmTC_e6840.dir/CMakeCXXCompilerABI.cpp.o]
  ignore line: [/n/holylfs02/LABS/guenette_lab/software/next/ups_products/gcc/v7_3_0/Linux64bit+3.10-2.17/bin/c++    -v -o CMakeFiles/cmTC_e6840.dir/CMakeCXXCompilerABI.cpp.o -c /n/holylfs02/LABS/guenette_lab/software/next/ups_products/cmake/v3_14_3/Linux64bit+3.10-2.17/share/cmake-3.14/Modules/CMakeCXXCompilerABI.cpp]
  ignore line: [Using built-in specs.]
  ignore line: [COLLECT_GCC=/n/holylfs02/LABS/guenette_lab/software/next/ups_products/gcc/v7_3_0/Linux64bit+3.10-2.17/bin/c++]
  ignore line: [Target: x86_64-pc-linux-gnu]
  ignore line: [Configured with: ./configure --prefix=/scratch/workspace/art-build-base/v10_00_02/SLF7/build/gcc/v7_3_0/Linux64bit+3.10-2.17 --disable-libgcj --enable-threads=posix --enable-__cxa_atexit --enable-languages=c,c++,fortran,lto --with-system-zlib --enable-libstdcxx-time=rt --enable-stage1-checking=yes --enable-checking=release --enable-lto --enable-plugin]
  ignore line: [Thread model: posix]
  ignore line: [gcc version 7.3.0 (GCC) ]
  ignore line: [COLLECT_GCC_OPTIONS='-v' '-o' 'CMakeFiles/cmTC_e6840.dir/CMakeCXXCompilerABI.cpp.o' '-c' '-shared-libgcc' '-mtune=generic' '-march=x86-64']
  ignore line: [ /n/holylfs02/LABS/guenette_lab/software/next/ups_products/gcc/v7_3_0/Linux64bit+3.10-2.17/bin/../libexec/gcc/x86_64-pc-linux-gnu/7.3.0/cc1plus -quiet -v -iprefix /n/holylfs02/LABS/guenette_lab/software/next/ups_products/gcc/v7_3_0/Linux64bit+3.10-2.17/bin/../lib/gcc/x86_64-pc-linux-gnu/7.3.0/ -D_GNU_SOURCE /n/holylfs02/LABS/guenette_lab/software/next/ups_products/cmake/v3_14_3/Linux64bit+3.10-2.17/share/cmake-3.14/Modules/CMakeCXXCompilerABI.cpp -quiet -dumpbase CMakeCXXCompilerABI.cpp -mtune=generic -march=x86-64 -auxbase-strip CMakeFiles/cmTC_e6840.dir/CMakeCXXCompilerABI.cpp.o -version -o /tmp/ccCdVL5P.s]
  ignore line: [GNU C++14 (GCC) version 7.3.0 (x86_64-pc-linux-gnu)]
  ignore line: [	compiled by GNU C version 7.3.0, GMP version 6.1.2, MPFR version 4.0.0, MPC version 1.1.0, isl version isl-0.18-GMP]
  ignore line: []
  ignore line: [GGC heuristics: --param ggc-min-expand=100 --param ggc-min-heapsize=131072]
  ignore line: [ignoring nonexistent directory "/n/holylfs02/LABS/guenette_lab/software/next/ups_products/gcc/v7_3_0/Linux64bit+3.10-2.17/bin/../lib/gcc/x86_64-pc-linux-gnu/7.3.0/../../../../x86_64-pc-linux-gnu/include"]
  ignore line: [ignoring duplicate directory "/n/holylfs02/LABS/guenette_lab/software/next/ups_products/gcc/v7_3_0/Linux64bit+3.10-2.17/bin/../lib/gcc/../../lib/gcc/x86_64-pc-linux-gnu/7.3.0/../../../../include/c++/7.3.0"]
  ignore line: [ignoring duplicate directory "/n/holylfs02/LABS/guenette_lab/software/next/ups_products/gcc/v7_3_0/Linux64bit+3.10-2.17/bin/../lib/gcc/../../lib/gcc/x86_64-pc-linux-gnu/7.3.0/../../../../include/c++/7.3.0/x86_64-pc-linux-gnu"]
  ignore line: [ignoring duplicate directory "/n/holylfs02/LABS/guenette_lab/software/next/ups_products/gcc/v7_3_0/Linux64bit+3.10-2.17/bin/../lib/gcc/../../lib/gcc/x86_64-pc-linux-gnu/7.3.0/../../../../include/c++/7.3.0/backward"]
  ignore line: [ignoring duplicate directory "/n/holylfs02/LABS/guenette_lab/software/next/ups_products/gcc/v7_3_0/Linux64bit+3.10-2.17/bin/../lib/gcc/../../lib/gcc/x86_64-pc-linux-gnu/7.3.0/include"]
  ignore line: [ignoring duplicate directory "/n/holylfs02/LABS/guenette_lab/software/next/ups_products/gcc/v7_3_0/Linux64bit+3.10-2.17/bin/../lib/gcc/../../lib/gcc/x86_64-pc-linux-gnu/7.3.0/include-fixed"]
  ignore line: [ignoring nonexistent directory "/n/holylfs02/LABS/guenette_lab/software/next/ups_products/gcc/v7_3_0/Linux64bit+3.10-2.17/bin/../lib/gcc/../../lib/gcc/x86_64-pc-linux-gnu/7.3.0/../../../../x86_64-pc-linux-gnu/include"]
  ignore line: [#include "..." search starts here:]
  ignore line: [#include <...> search starts here:]
  ignore line: [ /n/holylfs02/LABS/guenette_lab/software/next/ups_products/gcc/v7_3_0/Linux64bit+3.10-2.17/bin/../lib/gcc/x86_64-pc-linux-gnu/7.3.0/../../../../include/c++/7.3.0]
  ignore line: [ /n/holylfs02/LABS/guenette_lab/software/next/ups_products/gcc/v7_3_0/Linux64bit+3.10-2.17/bin/../lib/gcc/x86_64-pc-linux-gnu/7.3.0/../../../../include/c++/7.3.0/x86_64-pc-linux-gnu]
  ignore line: [ /n/holylfs02/LABS/guenette_lab/software/next/ups_products/gcc/v7_3_0/Linux64bit+3.10-2.17/bin/../lib/gcc/x86_64-pc-linux-gnu/7.3.0/../../../../include/c++/7.3.0/backward]
  ignore line: [ /n/holylfs02/LABS/guenette_lab/software/next/ups_products/gcc/v7_3_0/Linux64bit+3.10-2.17/bin/../lib/gcc/x86_64-pc-linux-gnu/7.3.0/include]
  ignore line: [ /n/holylfs02/LABS/guenette_lab/software/next/ups_products/gcc/v7_3_0/Linux64bit+3.10-2.17/bin/../lib/gcc/x86_64-pc-linux-gnu/7.3.0/include-fixed]
  ignore line: [ /usr/local/include]
  ignore line: [ /n/holylfs02/LABS/guenette_lab/software/next/ups_products/gcc/v7_3_0/Linux64bit+3.10-2.17/bin/../lib/gcc/../../include]
  ignore line: [ /usr/include]
  ignore line: [End of search list.]
  ignore line: [GNU C++14 (GCC) version 7.3.0 (x86_64-pc-linux-gnu)]
  ignore line: [	compiled by GNU C version 7.3.0, GMP version 6.1.2, MPFR version 4.0.0, MPC version 1.1.0, isl version isl-0.18-GMP]
  ignore line: []
  ignore line: [GGC heuristics: --param ggc-min-expand=100 --param ggc-min-heapsize=131072]
  ignore line: [Compiler executable checksum: 12b218c670f41a65173db4fde86f1efe]
  ignore line: [COLLECT_GCC_OPTIONS='-v' '-o' 'CMakeFiles/cmTC_e6840.dir/CMakeCXXCompilerABI.cpp.o' '-c' '-shared-libgcc' '-mtune=generic' '-march=x86-64']
  ignore line: [ as -v --64 -o CMakeFiles/cmTC_e6840.dir/CMakeCXXCompilerABI.cpp.o /tmp/ccCdVL5P.s]
  ignore line: [GNU assembler version 2.27 (x86_64-redhat-linux) using BFD version version 2.27-34.base.el7]
  ignore line: [COMPILER_PATH=/n/holylfs02/LABS/guenette_lab/software/next/ups_products/gcc/v7_3_0/Linux64bit+3.10-2.17/bin/../libexec/gcc/x86_64-pc-linux-gnu/7.3.0/:/n/holylfs02/LABS/guenette_lab/software/next/ups_products/gcc/v7_3_0/Linux64bit+3.10-2.17/bin/../libexec/gcc/:/n/holylfs02/LABS/guenette_lab/software/next/ups_products/gcc/v7_3_0/Linux64bit+3.10-2.17/bin/]
  ignore line: [LIBRARY_PATH=/n/holylfs02/LABS/guenette_lab/software/next/ups_products/gcc/v7_3_0/Linux64bit+3.10-2.17/bin/../lib/gcc/x86_64-pc-linux-gnu/7.3.0/:/n/holylfs02/LABS/guenette_lab/software/next/ups_products/gcc/v7_3_0/Linux64bit+3.10-2.17/bin/../lib/gcc/:/n/holylfs02/LABS/guenette_lab/software/next/ups_products/gcc/v7_3_0/Linux64bit+3.10-2.17/bin/../lib/gcc/x86_64-pc-linux-gnu/7.3.0/../../../../lib64/:/lib/../lib64/:/usr/lib/../lib64/:/n/holylfs02/LABS/guenette_lab/software/next/ups_products/gcc/v7_3_0/Linux64bit+3.10-2.17/bin/../lib/gcc/x86_64-pc-linux-gnu/7.3.0/../../../:/lib/:/usr/lib/]
  ignore line: [COLLECT_GCC_OPTIONS='-v' '-o' 'CMakeFiles/cmTC_e6840.dir/CMakeCXXCompilerABI.cpp.o' '-c' '-shared-libgcc' '-mtune=generic' '-march=x86-64']
  ignore line: [Linking CXX executable cmTC_e6840]
  ignore line: [/n/holylfs02/LABS/guenette_lab/software/next/ups_products/cmake/v3_14_3/Linux64bit+3.10-2.17/bin/cmake -E cmake_link_script CMakeFiles/cmTC_e6840.dir/link.txt --verbose=1]
  ignore line: [/n/holylfs02/LABS/guenette_lab/software/next/ups_products/gcc/v7_3_0/Linux64bit+3.10-2.17/bin/c++      -v CMakeFiles/cmTC_e6840.dir/CMakeCXXCompilerABI.cpp.o  -o cmTC_e6840 ]
  ignore line: [Using built-in specs.]
  ignore line: [COLLECT_GCC=/n/holylfs02/LABS/guenette_lab/software/next/ups_products/gcc/v7_3_0/Linux64bit+3.10-2.17/bin/c++]
  ignore line: [COLLECT_LTO_WRAPPER=/n/holylfs02/LABS/guenette_lab/software/next/ups_products/gcc/v7_3_0/Linux64bit+3.10-2.17/bin/../libexec/gcc/x86_64-pc-linux-gnu/7.3.0/lto-wrapper]
  ignore line: [Target: x86_64-pc-linux-gnu]
  ignore line: [Configured with: ./configure --prefix=/scratch/workspace/art-build-base/v10_00_02/SLF7/build/gcc/v7_3_0/Linux64bit+3.10-2.17 --disable-libgcj --enable-threads=posix --enable-__cxa_atexit --enable-languages=c,c++,fortran,lto --with-system-zlib --enable-libstdcxx-time=rt --enable-stage1-checking=yes --enable-checking=release --enable-lto --enable-plugin]
  ignore line: [Thread model: posix]
  ignore line: [gcc version 7.3.0 (GCC) ]
  ignore line: [COMPILER_PATH=/n/holylfs02/LABS/guenette_lab/software/next/ups_products/gcc/v7_3_0/Linux64bit+3.10-2.17/bin/../libexec/gcc/x86_64-pc-linux-gnu/7.3.0/:/n/holylfs02/LABS/guenette_lab/software/next/ups_products/gcc/v7_3_0/Linux64bit+3.10-2.17/bin/../libexec/gcc/:/n/holylfs02/LABS/guenette_lab/software/next/ups_products/gcc/v7_3_0/Linux64bit+3.10-2.17/bin/]
  ignore line: [LIBRARY_PATH=/n/holylfs02/LABS/guenette_lab/software/next/ups_products/gcc/v7_3_0/Linux64bit+3.10-2.17/bin/../lib/gcc/x86_64-pc-linux-gnu/7.3.0/:/n/holylfs02/LABS/guenette_lab/software/next/ups_products/gcc/v7_3_0/Linux64bit+3.10-2.17/bin/../lib/gcc/:/n/holylfs02/LABS/guenette_lab/software/next/ups_products/gcc/v7_3_0/Linux64bit+3.10-2.17/bin/../lib/gcc/x86_64-pc-linux-gnu/7.3.0/../../../../lib64/:/lib/../lib64/:/usr/lib/../lib64/:/n/holylfs02/LABS/guenette_lab/software/next/ups_products/gcc/v7_3_0/Linux64bit+3.10-2.17/bin/../lib/gcc/x86_64-pc-linux-gnu/7.3.0/../../../:/lib/:/usr/lib/]
  ignore line: [COLLECT_GCC_OPTIONS='-v' '-o' 'cmTC_e6840' '-shared-libgcc' '-mtune=generic' '-march=x86-64']
  link line: [ /n/holylfs02/LABS/guenette_lab/software/next/ups_products/gcc/v7_3_0/Linux64bit+3.10-2.17/bin/../libexec/gcc/x86_64-pc-linux-gnu/7.3.0/collect2 -plugin /n/holylfs02/LABS/guenette_lab/software/next/ups_products/gcc/v7_3_0/Linux64bit+3.10-2.17/bin/../libexec/gcc/x86_64-pc-linux-gnu/7.3.0/liblto_plugin.so -plugin-opt=/n/holylfs02/LABS/guenette_lab/software/next/ups_products/gcc/v7_3_0/Linux64bit+3.10-2.17/bin/../libexec/gcc/x86_64-pc-linux-gnu/7.3.0/lto-wrapper -plugin-opt=-fresolution=/tmp/ccml0OvZ.res -plugin-opt=-pass-through=-lgcc_s -plugin-opt=-pass-through=-lgcc -plugin-opt=-pass-through=-lc -plugin-opt=-pass-through=-lgcc_s -plugin-opt=-pass-through=-lgcc --eh-frame-hdr -m elf_x86_64 -dynamic-linker /lib64/ld-linux-x86-64.so.2 -o cmTC_e6840 /lib/../lib64/crt1.o /lib/../lib64/crti.o /n/holylfs02/LABS/guenette_lab/software/next/ups_products/gcc/v7_3_0/Linux64bit+3.10-2.17/bin/../lib/gcc/x86_64-pc-linux-gnu/7.3.0/crtbegin.o -L/n/holylfs02/LABS/guenette_lab/software/next/ups_products/gcc/v7_3_0/Linux64bit+3.10-2.17/bin/../lib/gcc/x86_64-pc-linux-gnu/7.3.0 -L/n/holylfs02/LABS/guenette_lab/software/next/ups_products/gcc/v7_3_0/Linux64bit+3.10-2.17/bin/../lib/gcc -L/n/holylfs02/LABS/guenette_lab/software/next/ups_products/gcc/v7_3_0/Linux64bit+3.10-2.17/bin/../lib/gcc/x86_64-pc-linux-gnu/7.3.0/../../../../lib64 -L/lib/../lib64 -L/usr/lib/../lib64 -L/n/holylfs02/LABS/guenette_lab/software/next/ups_products/gcc/v7_3_0/Linux64bit+3.10-2.17/bin/../lib/gcc/x86_64-pc-linux-gnu/7.3.0/../../.. CMakeFiles/cmTC_e6840.dir/CMakeCXXCompilerABI.cpp.o -lstdc++ -lm -lgcc_s -lgcc -lc -lgcc_s -lgcc /n/holylfs02/LABS/guenette_lab/software/next/ups_products/gcc/v7_3_0/Linux64bit+3.10-2.17/bin/../lib/gcc/x86_64-pc-linux-gnu/7.3.0/crtend.o /lib/../lib64/crtn.o]
    arg [/n/holylfs02/LABS/guenette_lab/software/next/ups_products/gcc/v7_3_0/Linux64bit+3.10-2.17/bin/../libexec/gcc/x86_64-pc-linux-gnu/7.3.0/collect2] ==> ignore
    arg [-plugin] ==> ignore
    arg [/n/holylfs02/LABS/guenette_lab/software/next/ups_products/gcc/v7_3_0/Linux64bit+3.10-2.17/bin/../libexec/gcc/x86_64-pc-linux-gnu/7.3.0/liblto_plugin.so] ==> ignore
    arg [-plugin-opt=/n/holylfs02/LABS/guenette_lab/software/next/ups_products/gcc/v7_3_0/Linux64bit+3.10-2.17/bin/../libexec/gcc/x86_64-pc-linux-gnu/7.3.0/lto-wrapper] ==> ignore
    arg [-plugin-opt=-fresolution=/tmp/ccml0OvZ.res] ==> ignore
    arg [-plugin-opt=-pass-through=-lgcc_s] ==> ignore
    arg [-plugin-opt=-pass-through=-lgcc] ==> ignore
    arg [-plugin-opt=-pass-through=-lc] ==> ignore
    arg [-plugin-opt=-pass-through=-lgcc_s] ==> ignore
    arg [-plugin-opt=-pass-through=-lgcc] ==> ignore
    arg [--eh-frame-hdr] ==> ignore
    arg [-m] ==> ignore
    arg [elf_x86_64] ==> ignore
    arg [-dynamic-linker] ==> ignore
    arg [/lib64/ld-linux-x86-64.so.2] ==> ignore
    arg [-o] ==> ignore
    arg [cmTC_e6840] ==> ignore
    arg [/lib/../lib64/crt1.o] ==> ignore
    arg [/lib/../lib64/crti.o] ==> ignore
    arg [/n/holylfs02/LABS/guenette_lab/software/next/ups_products/gcc/v7_3_0/Linux64bit+3.10-2.17/bin/../lib/gcc/x86_64-pc-linux-gnu/7.3.0/crtbegin.o] ==> ignore
    arg [-L/n/holylfs02/LABS/guenette_lab/software/next/ups_products/gcc/v7_3_0/Linux64bit+3.10-2.17/bin/../lib/gcc/x86_64-pc-linux-gnu/7.3.0] ==> dir [/n/holylfs02/LABS/guenette_lab/software/next/ups_products/gcc/v7_3_0/Linux64bit+3.10-2.17/bin/../lib/gcc/x86_64-pc-linux-gnu/7.3.0]
    arg [-L/n/holylfs02/LABS/guenette_lab/software/next/ups_products/gcc/v7_3_0/Linux64bit+3.10-2.17/bin/../lib/gcc] ==> dir [/n/holylfs02/LABS/guenette_lab/software/next/ups_products/gcc/v7_3_0/Linux64bit+3.10-2.17/bin/../lib/gcc]
    arg [-L/n/holylfs02/LABS/guenette_lab/software/next/ups_products/gcc/v7_3_0/Linux64bit+3.10-2.17/bin/../lib/gcc/x86_64-pc-linux-gnu/7.3.0/../../../../lib64] ==> dir [/n/holylfs02/LABS/guenette_lab/software/next/ups_products/gcc/v7_3_0/Linux64bit+3.10-2.17/bin/../lib/gcc/x86_64-pc-linux-gnu/7.3.0/../../../../lib64]
    arg [-L/lib/../lib64] ==> dir [/lib/../lib64]
    arg [-L/usr/lib/../lib64] ==> dir [/usr/lib/../lib64]
    arg [-L/n/holylfs02/LABS/guenette_lab/software/next/ups_products/gcc/v7_3_0/Linux64bit+3.10-2.17/bin/../lib/gcc/x86_64-pc-linux-gnu/7.3.0/../../..] ==> dir [/n/holylfs02/LABS/guenette_lab/software/next/ups_products/gcc/v7_3_0/Linux64bit+3.10-2.17/bin/../lib/gcc/x86_64-pc-linux-gnu/7.3.0/../../..]
    arg [CMakeFiles/cmTC_e6840.dir/CMakeCXXCompilerABI.cpp.o] ==> ignore
    arg [-lstdc++] ==> lib [stdc++]
    arg [-lm] ==> lib [m]
    arg [-lgcc_s] ==> lib [gcc_s]
    arg [-lgcc] ==> lib [gcc]
    arg [-lc] ==> lib [c]
    arg [-lgcc_s] ==> lib [gcc_s]
    arg [-lgcc] ==> lib [gcc]
    arg [/n/holylfs02/LABS/guenette_lab/software/next/ups_products/gcc/v7_3_0/Linux64bit+3.10-2.17/bin/../lib/gcc/x86_64-pc-linux-gnu/7.3.0/crtend.o] ==> ignore
    arg [/lib/../lib64/crtn.o] ==> ignore
  collapse library dir [/n/holylfs02/LABS/guenette_lab/software/next/ups_products/gcc/v7_3_0/Linux64bit+3.10-2.17/bin/../lib/gcc/x86_64-pc-linux-gnu/7.3.0] ==> [/n/holylfs02/LABS/guenette_lab/software/next/ups_products/gcc/v7_3_0/Linux64bit+3.10-2.17/lib/gcc/x86_64-pc-linux-gnu/7.3.0]
  collapse library dir [/n/holylfs02/LABS/guenette_lab/software/next/ups_products/gcc/v7_3_0/Linux64bit+3.10-2.17/bin/../lib/gcc] ==> [/n/holylfs02/LABS/guenette_lab/software/next/ups_products/gcc/v7_3_0/Linux64bit+3.10-2.17/lib/gcc]
  collapse library dir [/n/holylfs02/LABS/guenette_lab/software/next/ups_products/gcc/v7_3_0/Linux64bit+3.10-2.17/bin/../lib/gcc/x86_64-pc-linux-gnu/7.3.0/../../../../lib64] ==> [/n/holylfs02/LABS/guenette_lab/software/next/ups_products/gcc/v7_3_0/Linux64bit+3.10-2.17/lib64]
  collapse library dir [/lib/../lib64] ==> [/lib64]
  collapse library dir [/usr/lib/../lib64] ==> [/usr/lib64]
  collapse library dir [/n/holylfs02/LABS/guenette_lab/software/next/ups_products/gcc/v7_3_0/Linux64bit+3.10-2.17/bin/../lib/gcc/x86_64-pc-linux-gnu/7.3.0/../../..] ==> [/n/holylfs02/LABS/guenette_lab/software/next/ups_products/gcc/v7_3_0/Linux64bit+3.10-2.17/lib]
  implicit libs: [stdc++;m;gcc_s;gcc;c;gcc_s;gcc]
  implicit dirs: [/n/holylfs02/LABS/guenette_lab/software/next/ups_products/gcc/v7_3_0/Linux64bit+3.10-2.17/lib/gcc/x86_64-pc-linux-gnu/7.3.0;/n/holylfs02/LABS/guenette_lab/software/next/ups_products/gcc/v7_3_0/Linux64bit+3.10-2.17/lib/gcc;/n/holylfs02/LABS/guenette_lab/software/next/ups_products/gcc/v7_3_0/Linux64bit+3.10-2.17/lib64;/lib64;/usr/lib64;/n/holylfs02/LABS/guenette_lab/software/next/ups_products/gcc/v7_3_0/Linux64bit+3.10-2.17/lib]
  implicit fwks: []




Detecting CXX [-std=c++1z] compiler features compiled with the following output:
Change Dir: /n/holylfs02/LABS/guenette_lab/users/amcdonald/Q_PIX/RTD_QPIX/Build/CMakeFiles/CMakeTmp

Run Build Command(s):/usr/bin/gmake cmTC_bfa67/fast 
/usr/bin/gmake -f CMakeFiles/cmTC_bfa67.dir/build.make CMakeFiles/cmTC_bfa67.dir/build
gmake[1]: Entering directory `/n/holylfs02/LABS/guenette_lab/users/amcdonald/Q_PIX/RTD_QPIX/Build/CMakeFiles/CMakeTmp'
Building CXX object CMakeFiles/cmTC_bfa67.dir/feature_tests.cxx.o
/n/holylfs02/LABS/guenette_lab/software/next/ups_products/gcc/v7_3_0/Linux64bit+3.10-2.17/bin/c++    -std=c++1z -o CMakeFiles/cmTC_bfa67.dir/feature_tests.cxx.o -c /n/holylfs02/LABS/guenette_lab/users/amcdonald/Q_PIX/RTD_QPIX/Build/CMakeFiles/feature_tests.cxx
Linking CXX executable cmTC_bfa67
/n/holylfs02/LABS/guenette_lab/software/next/ups_products/cmake/v3_14_3/Linux64bit+3.10-2.17/bin/cmake -E cmake_link_script CMakeFiles/cmTC_bfa67.dir/link.txt --verbose=1
/n/holylfs02/LABS/guenette_lab/software/next/ups_products/gcc/v7_3_0/Linux64bit+3.10-2.17/bin/c++       CMakeFiles/cmTC_bfa67.dir/feature_tests.cxx.o  -o cmTC_bfa67 
gmake[1]: Leaving directory `/n/holylfs02/LABS/guenette_lab/users/amcdonald/Q_PIX/RTD_QPIX/Build/CMakeFiles/CMakeTmp'


    Feature record: CXX_FEATURE:1cxx_aggregate_default_initializers
    Feature record: CXX_FEATURE:1cxx_alias_templates
    Feature record: CXX_FEATURE:1cxx_alignas
    Feature record: CXX_FEATURE:1cxx_alignof
    Feature record: CXX_FEATURE:1cxx_attributes
    Feature record: CXX_FEATURE:1cxx_attribute_deprecated
    Feature record: CXX_FEATURE:1cxx_auto_type
    Feature record: CXX_FEATURE:1cxx_binary_literals
    Feature record: CXX_FEATURE:1cxx_constexpr
    Feature record: CXX_FEATURE:1cxx_contextual_conversions
    Feature record: CXX_FEATURE:1cxx_decltype
    Feature record: CXX_FEATURE:1cxx_decltype_auto
    Feature record: CXX_FEATURE:1cxx_decltype_incomplete_return_types
    Feature record: CXX_FEATURE:1cxx_default_function_template_args
    Feature record: CXX_FEATURE:1cxx_defaulted_functions
    Feature record: CXX_FEATURE:1cxx_defaulted_move_initializers
    Feature record: CXX_FEATURE:1cxx_delegating_constructors
    Feature record: CXX_FEATURE:1cxx_deleted_functions
    Feature record: CXX_FEATURE:1cxx_digit_separators
    Feature record: CXX_FEATURE:1cxx_enum_forward_declarations
    Feature record: CXX_FEATURE:1cxx_explicit_conversions
    Feature record: CXX_FEATURE:1cxx_extended_friend_declarations
    Feature record: CXX_FEATURE:1cxx_extern_templates
    Feature record: CXX_FEATURE:1cxx_final
    Feature record: CXX_FEATURE:1cxx_func_identifier
    Feature record: CXX_FEATURE:1cxx_generalized_initializers
    Feature record: CXX_FEATURE:1cxx_generic_lambdas
    Feature record: CXX_FEATURE:1cxx_inheriting_constructors
    Feature record: CXX_FEATURE:1cxx_inline_namespaces
    Feature record: CXX_FEATURE:1cxx_lambdas
    Feature record: CXX_FEATURE:1cxx_lambda_init_captures
    Feature record: CXX_FEATURE:1cxx_local_type_template_args
    Feature record: CXX_FEATURE:1cxx_long_long_type
    Feature record: CXX_FEATURE:1cxx_noexcept
    Feature record: CXX_FEATURE:1cxx_nonstatic_member_init
    Feature record: CXX_FEATURE:1cxx_nullptr
    Feature record: CXX_FEATURE:1cxx_override
    Feature record: CXX_FEATURE:1cxx_range_for
    Feature record: CXX_FEATURE:1cxx_raw_string_literals
    Feature record: CXX_FEATURE:1cxx_reference_qualified_functions
    Feature record: CXX_FEATURE:1cxx_relaxed_constexpr
    Feature record: CXX_FEATURE:1cxx_return_type_deduction
    Feature record: CXX_FEATURE:1cxx_right_angle_brackets
    Feature record: CXX_FEATURE:1cxx_rvalue_references
    Feature record: CXX_FEATURE:1cxx_sizeof_member
    Feature record: CXX_FEATURE:1cxx_static_assert
    Feature record: CXX_FEATURE:1cxx_strong_enums
    Feature record: CXX_FEATURE:1cxx_template_template_parameters
    Feature record: CXX_FEATURE:1cxx_thread_local
    Feature record: CXX_FEATURE:1cxx_trailing_return_types
    Feature record: CXX_FEATURE:1cxx_unicode_literals
    Feature record: CXX_FEATURE:1cxx_uniform_initialization
    Feature record: CXX_FEATURE:1cxx_unrestricted_unions
    Feature record: CXX_FEATURE:1cxx_user_literals
    Feature record: CXX_FEATURE:1cxx_variable_templates
    Feature record: CXX_FEATURE:1cxx_variadic_macros
    Feature record: CXX_FEATURE:1cxx_variadic_templates


Detecting CXX [-std=c++14] compiler features compiled with the following output:
Change Dir: /n/holylfs02/LABS/guenette_lab/users/amcdonald/Q_PIX/RTD_QPIX/Build/CMakeFiles/CMakeTmp

Run Build Command(s):/usr/bin/gmake cmTC_cb32d/fast 
/usr/bin/gmake -f CMakeFiles/cmTC_cb32d.dir/build.make CMakeFiles/cmTC_cb32d.dir/build
gmake[1]: Entering directory `/n/holylfs02/LABS/guenette_lab/users/amcdonald/Q_PIX/RTD_QPIX/Build/CMakeFiles/CMakeTmp'
Building CXX object CMakeFiles/cmTC_cb32d.dir/feature_tests.cxx.o
/n/holylfs02/LABS/guenette_lab/software/next/ups_products/gcc/v7_3_0/Linux64bit+3.10-2.17/bin/c++    -std=c++14 -o CMakeFiles/cmTC_cb32d.dir/feature_tests.cxx.o -c /n/holylfs02/LABS/guenette_lab/users/amcdonald/Q_PIX/RTD_QPIX/Build/CMakeFiles/feature_tests.cxx
Linking CXX executable cmTC_cb32d
/n/holylfs02/LABS/guenette_lab/software/next/ups_products/cmake/v3_14_3/Linux64bit+3.10-2.17/bin/cmake -E cmake_link_script CMakeFiles/cmTC_cb32d.dir/link.txt --verbose=1
/n/holylfs02/LABS/guenette_lab/software/next/ups_products/gcc/v7_3_0/Linux64bit+3.10-2.17/bin/c++       CMakeFiles/cmTC_cb32d.dir/feature_tests.cxx.o  -o cmTC_cb32d 
gmake[1]: Leaving directory `/n/holylfs02/LABS/guenette_lab/users/amcdonald/Q_PIX/RTD_QPIX/Build/CMakeFiles/CMakeTmp'


    Feature record: CXX_FEATURE:1cxx_aggregate_default_initializers
    Feature record: CXX_FEATURE:1cxx_alias_templates
    Feature record: CXX_FEATURE:1cxx_alignas
    Feature record: CXX_FEATURE:1cxx_alignof
    Feature record: CXX_FEATURE:1cxx_attributes
    Feature record: CXX_FEATURE:1cxx_attribute_deprecated
    Feature record: CXX_FEATURE:1cxx_auto_type
    Feature record: CXX_FEATURE:1cxx_binary_literals
    Feature record: CXX_FEATURE:1cxx_constexpr
    Feature record: CXX_FEATURE:1cxx_contextual_conversions
    Feature record: CXX_FEATURE:1cxx_decltype
    Feature record: CXX_FEATURE:1cxx_decltype_auto
    Feature record: CXX_FEATURE:1cxx_decltype_incomplete_return_types
    Feature record: CXX_FEATURE:1cxx_default_function_template_args
    Feature record: CXX_FEATURE:1cxx_defaulted_functions
    Feature record: CXX_FEATURE:1cxx_defaulted_move_initializers
    Feature record: CXX_FEATURE:1cxx_delegating_constructors
    Feature record: CXX_FEATURE:1cxx_deleted_functions
    Feature record: CXX_FEATURE:1cxx_digit_separators
    Feature record: CXX_FEATURE:1cxx_enum_forward_declarations
    Feature record: CXX_FEATURE:1cxx_explicit_conversions
    Feature record: CXX_FEATURE:1cxx_extended_friend_declarations
    Feature record: CXX_FEATURE:1cxx_extern_templates
    Feature record: CXX_FEATURE:1cxx_final
    Feature record: CXX_FEATURE:1cxx_func_identifier
    Feature record: CXX_FEATURE:1cxx_generalized_initializers
    Feature record: CXX_FEATURE:1cxx_generic_lambdas
    Feature record: CXX_FEATURE:1cxx_inheriting_constructors
    Feature record: CXX_FEATURE:1cxx_inline_namespaces
    Feature record: CXX_FEATURE:1cxx_lambdas
    Feature record: CXX_FEATURE:1cxx_lambda_init_captures
    Feature record: CXX_FEATURE:1cxx_local_type_template_args
    Feature record: CXX_FEATURE:1cxx_long_long_type
    Feature record: CXX_FEATURE:1cxx_noexcept
    Feature record: CXX_FEATURE:1cxx_nonstatic_member_init
    Feature record: CXX_FEATURE:1cxx_nullptr
    Feature record: CXX_FEATURE:1cxx_override
    Feature record: CXX_FEATURE:1cxx_range_for
    Feature record: CXX_FEATURE:1cxx_raw_string_literals
    Feature record: CXX_FEATURE:1cxx_reference_qualified_functions
    Feature record: CXX_FEATURE:1cxx_relaxed_constexpr
    Feature record: CXX_FEATURE:1cxx_return_type_deduction
    Feature record: CXX_FEATURE:1cxx_right_angle_brackets
    Feature record: CXX_FEATURE:1cxx_rvalue_references
    Feature record: CXX_FEATURE:1cxx_sizeof_member
    Feature record: CXX_FEATURE:1cxx_static_assert
    Feature record: CXX_FEATURE:1cxx_strong_enums
    Feature record: CXX_FEATURE:1cxx_template_template_parameters
    Feature record: CXX_FEATURE:1cxx_thread_local
    Feature record: CXX_FEATURE:1cxx_trailing_return_types
    Feature record: CXX_FEATURE:1cxx_unicode_literals
    Feature record: CXX_FEATURE:1cxx_uniform_initialization
    Feature record: CXX_FEATURE:1cxx_unrestricted_unions
    Feature record: CXX_FEATURE:1cxx_user_literals
    Feature record: CXX_FEATURE:1cxx_variable_templates
    Feature record: CXX_FEATURE:1cxx_variadic_macros
    Feature record: CXX_FEATURE:1cxx_variadic_templates


Detecting CXX [-std=c++11] compiler features compiled with the following output:
Change Dir: /n/holylfs02/LABS/guenette_lab/users/amcdonald/Q_PIX/RTD_QPIX/Build/CMakeFiles/CMakeTmp

Run Build Command(s):/usr/bin/gmake cmTC_69746/fast 
/usr/bin/gmake -f CMakeFiles/cmTC_69746.dir/build.make CMakeFiles/cmTC_69746.dir/build
gmake[1]: Entering directory `/n/holylfs02/LABS/guenette_lab/users/amcdonald/Q_PIX/RTD_QPIX/Build/CMakeFiles/CMakeTmp'
Building CXX object CMakeFiles/cmTC_69746.dir/feature_tests.cxx.o
/n/holylfs02/LABS/guenette_lab/software/next/ups_products/gcc/v7_3_0/Linux64bit+3.10-2.17/bin/c++    -std=c++11 -o CMakeFiles/cmTC_69746.dir/feature_tests.cxx.o -c /n/holylfs02/LABS/guenette_lab/users/amcdonald/Q_PIX/RTD_QPIX/Build/CMakeFiles/feature_tests.cxx
Linking CXX executable cmTC_69746
/n/holylfs02/LABS/guenette_lab/software/next/ups_products/cmake/v3_14_3/Linux64bit+3.10-2.17/bin/cmake -E cmake_link_script CMakeFiles/cmTC_69746.dir/link.txt --verbose=1
/n/holylfs02/LABS/guenette_lab/software/next/ups_products/gcc/v7_3_0/Linux64bit+3.10-2.17/bin/c++       CMakeFiles/cmTC_69746.dir/feature_tests.cxx.o  -o cmTC_69746 
gmake[1]: Leaving directory `/n/holylfs02/LABS/guenette_lab/users/amcdonald/Q_PIX/RTD_QPIX/Build/CMakeFiles/CMakeTmp'


    Feature record: CXX_FEATURE:0cxx_aggregate_default_initializers
    Feature record: CXX_FEATURE:1cxx_alias_templates
    Feature record: CXX_FEATURE:1cxx_alignas
    Feature record: CXX_FEATURE:1cxx_alignof
    Feature record: CXX_FEATURE:1cxx_attributes
    Feature record: CXX_FEATURE:0cxx_attribute_deprecated
    Feature record: CXX_FEATURE:1cxx_auto_type
    Feature record: CXX_FEATURE:0cxx_binary_literals
    Feature record: CXX_FEATURE:1cxx_constexpr
    Feature record: CXX_FEATURE:0cxx_contextual_conversions
    Feature record: CXX_FEATURE:1cxx_decltype
    Feature record: CXX_FEATURE:0cxx_decltype_auto
    Feature record: CXX_FEATURE:1cxx_decltype_incomplete_return_types
    Feature record: CXX_FEATURE:1cxx_default_function_template_args
    Feature record: CXX_FEATURE:1cxx_defaulted_functions
    Feature record: CXX_FEATURE:1cxx_defaulted_move_initializers
    Feature record: CXX_FEATURE:1cxx_delegating_constructors
    Feature record: CXX_FEATURE:1cxx_deleted_functions
    Feature record: CXX_FEATURE:0cxx_digit_separators
    Feature record: CXX_FEATURE:1cxx_enum_forward_declarations
    Feature record: CXX_FEATURE:1cxx_explicit_conversions
    Feature record: CXX_FEATURE:1cxx_extended_friend_declarations
    Feature record: CXX_FEATURE:1cxx_extern_templates
    Feature record: CXX_FEATURE:1cxx_final
    Feature record: CXX_FEATURE:1cxx_func_identifier
    Feature record: CXX_FEATURE:1cxx_generalized_initializers
    Feature record: CXX_FEATURE:0cxx_generic_lambdas
    Feature record: CXX_FEATURE:1cxx_inheriting_constructors
    Feature record: CXX_FEATURE:1cxx_inline_namespaces
    Feature record: CXX_FEATURE:1cxx_lambdas
    Feature record: CXX_FEATURE:0cxx_lambda_init_captures
    Feature record: CXX_FEATURE:1cxx_local_type_template_args
    Feature record: CXX_FEATURE:1cxx_long_long_type
    Feature record: CXX_FEATURE:1cxx_noexcept
    Feature record: CXX_FEATURE:1cxx_nonstatic_member_init
    Feature record: CXX_FEATURE:1cxx_nullptr
    Feature record: CXX_FEATURE:1cxx_override
    Feature record: CXX_FEATURE:1cxx_range_for
    Feature record: CXX_FEATURE:1cxx_raw_string_literals
    Feature record: CXX_FEATURE:1cxx_reference_qualified_functions
    Feature record: CXX_FEATURE:0cxx_relaxed_constexpr
    Feature record: CXX_FEATURE:0cxx_return_type_deduction
    Feature record: CXX_FEATURE:1cxx_right_angle_brackets
    Feature record: CXX_FEATURE:1cxx_rvalue_references
    Feature record: CXX_FEATURE:1cxx_sizeof_member
    Feature record: CXX_FEATURE:1cxx_static_assert
    Feature record: CXX_FEATURE:1cxx_strong_enums
    Feature record: CXX_FEATURE:1cxx_template_template_parameters
    Feature record: CXX_FEATURE:1cxx_thread_local
    Feature record: CXX_FEATURE:1cxx_trailing_return_types
    Feature record: CXX_FEATURE:1cxx_unicode_literals
    Feature record: CXX_FEATURE:1cxx_uniform_initialization
    Feature record: CXX_FEATURE:1cxx_unrestricted_unions
    Feature record: CXX_FEATURE:1cxx_user_literals
    Feature record: CXX_FEATURE:0cxx_variable_templates
    Feature record: CXX_FEATURE:1cxx_variadic_macros
    Feature record: CXX_FEATURE:1cxx_variadic_templates


Detecting CXX [-std=c++98] compiler features compiled with the following output:
Change Dir: /n/holylfs02/LABS/guenette_lab/users/amcdonald/Q_PIX/RTD_QPIX/Build/CMakeFiles/CMakeTmp

Run Build Command(s):/usr/bin/gmake cmTC_e35eb/fast 
/usr/bin/gmake -f CMakeFiles/cmTC_e35eb.dir/build.make CMakeFiles/cmTC_e35eb.dir/build
gmake[1]: Entering directory `/n/holylfs02/LABS/guenette_lab/users/amcdonald/Q_PIX/RTD_QPIX/Build/CMakeFiles/CMakeTmp'
Building CXX object CMakeFiles/cmTC_e35eb.dir/feature_tests.cxx.o
/n/holylfs02/LABS/guenette_lab/software/next/ups_products/gcc/v7_3_0/Linux64bit+3.10-2.17/bin/c++    -std=c++98 -o CMakeFiles/cmTC_e35eb.dir/feature_tests.cxx.o -c /n/holylfs02/LABS/guenette_lab/users/amcdonald/Q_PIX/RTD_QPIX/Build/CMakeFiles/feature_tests.cxx
Linking CXX executable cmTC_e35eb
/n/holylfs02/LABS/guenette_lab/software/next/ups_products/cmake/v3_14_3/Linux64bit+3.10-2.17/bin/cmake -E cmake_link_script CMakeFiles/cmTC_e35eb.dir/link.txt --verbose=1
/n/holylfs02/LABS/guenette_lab/software/next/ups_products/gcc/v7_3_0/Linux64bit+3.10-2.17/bin/c++       CMakeFiles/cmTC_e35eb.dir/feature_tests.cxx.o  -o cmTC_e35eb 
gmake[1]: Leaving directory `/n/holylfs02/LABS/guenette_lab/users/amcdonald/Q_PIX/RTD_QPIX/Build/CMakeFiles/CMakeTmp'


    Feature record: CXX_FEATURE:0cxx_aggregate_default_initializers
    Feature record: CXX_FEATURE:0cxx_alias_templates
    Feature record: CXX_FEATURE:0cxx_alignas
    Feature record: CXX_FEATURE:0cxx_alignof
    Feature record: CXX_FEATURE:0cxx_attributes
    Feature record: CXX_FEATURE:0cxx_attribute_deprecated
    Feature record: CXX_FEATURE:0cxx_auto_type
    Feature record: CXX_FEATURE:0cxx_binary_literals
    Feature record: CXX_FEATURE:0cxx_constexpr
    Feature record: CXX_FEATURE:0cxx_contextual_conversions
    Feature record: CXX_FEATURE:0cxx_decltype
    Feature record: CXX_FEATURE:0cxx_decltype_auto
    Feature record: CXX_FEATURE:0cxx_decltype_incomplete_return_types
    Feature record: CXX_FEATURE:0cxx_default_function_template_args
    Feature record: CXX_FEATURE:0cxx_defaulted_functions
    Feature record: CXX_FEATURE:0cxx_defaulted_move_initializers
    Feature record: CXX_FEATURE:0cxx_delegating_constructors
    Feature record: CXX_FEATURE:0cxx_deleted_functions
    Feature record: CXX_FEATURE:0cxx_digit_separators
    Feature record: CXX_FEATURE:0cxx_enum_forward_declarations
    Feature record: CXX_FEATURE:0cxx_explicit_conversions
    Feature record: CXX_FEATURE:0cxx_extended_friend_declarations
    Feature record: CXX_FEATURE:0cxx_extern_templates
    Feature record: CXX_FEATURE:0cxx_final
    Feature record: CXX_FEATURE:0cxx_func_identifier
    Feature record: CXX_FEATURE:0cxx_generalized_initializers
    Feature record: CXX_FEATURE:0cxx_generic_lambdas
    Feature record: CXX_FEATURE:0cxx_inheriting_constructors
    Feature record: CXX_FEATURE:0cxx_inline_namespaces
    Feature record: CXX_FEATURE:0cxx_lambdas
    Feature record: CXX_FEATURE:0cxx_lambda_init_captures
    Feature record: CXX_FEATURE:0cxx_local_type_template_args
    Feature record: CXX_FEATURE:0cxx_long_long_type
    Feature record: CXX_FEATURE:0cxx_noexcept
    Feature record: CXX_FEATURE:0cxx_nonstatic_member_init
    Feature record: CXX_FEATURE:0cxx_nullptr
    Feature record: CXX_FEATURE:0cxx_override
    Feature record: CXX_FEATURE:0cxx_range_for
    Feature record: CXX_FEATURE:0cxx_raw_string_literals
    Feature record: CXX_FEATURE:0cxx_reference_qualified_functions
    Feature record: CXX_FEATURE:0cxx_relaxed_constexpr
    Feature record: CXX_FEATURE:0cxx_return_type_deduction
    Feature record: CXX_FEATURE:0cxx_right_angle_brackets
    Feature record: CXX_FEATURE:0cxx_rvalue_references
    Feature record: CXX_FEATURE:0cxx_sizeof_member
    Feature record: CXX_FEATURE:0cxx_static_assert
    Feature record: CXX_FEATURE:0cxx_strong_enums
    Feature record: CXX_FEATURE:1cxx_template_template_parameters
    Feature record: CXX_FEATURE:0cxx_thread_local
    Feature record: CXX_FEATURE:0cxx_trailing_return_types
    Feature record: CXX_FEATURE:0cxx_unicode_literals
    Feature record: CXX_FEATURE:0cxx_uniform_initialization
    Feature record: CXX_FEATURE:0cxx_unrestricted_unions
    Feature record: CXX_FEATURE:0cxx_user_literals
    Feature record: CXX_FEATURE:0cxx_variable_templates
    Feature record: CXX_FEATURE:0cxx_variadic_macros
    Feature record: CXX_FEATURE:0cxx_variadic_templates
